[Thu 04/16/2026  8:59:59.46] Starting middleware...
[Thu 04/16/2026  9:14:06.66] Starting middleware...
[Thu 04/16/2026  9:37:37.67] ============================================================
[Thu 04/16/2026  9:37:37.68] SHAB Attendance System - Start Dashboard
[Thu 04/16/2026  9:37:37.68] Version: 2026-04-16
[Thu 04/16/2026  9:37:37.70] Root: C:\Users\USER\Documents\GitHub\SHABv2\SHAB Attendance System\Client Package\
[Thu 04/16/2026  9:37:37.71] AppDir: C:\Users\USER\Documents\GitHub\SHABv2\SHAB Attendance System\Client Package\App\win-x86
[Thu 04/16/2026  9:37:37.73] User: USER
[Thu 04/16/2026  9:37:37.73] Machine: DESKTOP-KKLQT7L
[Thu 04/16/2026  9:37:37.74] ============================================================
[Thu 04/16/2026  9:37:37.76] Checking if dashboard is already running (port 5099)...
[Thu 04/16/2026  9:37:37.88] Requesting Administrator access for SDK install...
[Thu 04/16/2026  9:37:40.95] ============================================================
[Thu 04/16/2026  9:37:40.95] SHAB Attendance System - Start Dashboard
[Thu 04/16/2026  9:37:40.96] Version: 2026-04-16
[Thu 04/16/2026  9:37:40.96] Root: C:\Users\USER\Documents\GitHub\SHABv2\SHAB Attendance System\Client Package\
[Thu 04/16/2026  9:37:40.98] AppDir: C:\Users\USER\Documents\GitHub\SHABv2\SHAB Attendance System\Client Package\App\win-x86
[Thu 04/16/2026  9:37:41.00] User: USER
[Thu 04/16/2026  9:37:41.01] Machine: DESKTOP-KKLQT7L
[Thu 04/16/2026  9:37:41.01] ============================================================
[Thu 04/16/2026  9:37:41.03] Checking if dashboard is already running (port 5099)...
[Thu 04/16/2026  9:37:41.12] ZKTeco SDK not detected. Installing now - requires Administrator...
[Thu 04/16/2026  9:37:43.20] ZKTeco SDK detected (or dll present).
[Thu 04/16/2026  9:37:43.20] Preparing app files and security settings...
Security prep app path: C:\Users\USER\Documents\GitHub\SHABv2\SHAB Attendance System\Client Package\App\win-x86
Unblocked files: 339
IsAdmin: True
Defender exclusion attempted.
[Thu 04/16/2026  9:37:49.82] Checking .NET runtimes...
[Thu 04/16/2026  9:37:49.86] .NET runtimes detected.
[Thu 04/16/2026  9:37:49.86] Creating desktop shortcuts...
[Thu 04/16/2026  9:37:49.91] Shortcut created: C:\Users\USER\Desktop\SHAB Attendance Dashboard.cmd
[Thu 04/16/2026  9:37:49.92] Shortcut created: C:\Users\USER\Desktop\SHAB Attendance Dashboard.url
[Thu 04/16/2026  9:37:49.92] Launching SHAB Attendance Dashboard...
[Thu 04/16/2026  9:37:49.94] Middleware: WL10Middleware.exe --dashboard --dashboard-port 5099
[Thu 04/16/2026  9:37:49.95] LogFile: C:\Users\USER\Documents\GitHub\SHABv2\SHAB Attendance System\Client Package\Logs\attendance-middleware.log
[Thu 04/16/2026  9:37:53.36] Waiting for dashboard to be ready (port 5099)...
[Thu 04/16/2026  9:38:52.18] ERROR: Dashboard did not become reachable on port 5099.
[Thu 04/16/2026  9:38:52.82] Port status:
[Thu 04/16/2026  9:38:52.84] Tasklist for WL10Middleware.exe:
INFO: No tasks are running which match the specified criteria.
[Thu 04/16/2026  9:38:52.91] Desktop path: C:\Users\USER\Desktop
[Thu 04/16/2026  9:48:41.64] ============================================================
[Thu 04/16/2026  9:48:41.64] SHAB Attendance System - Start Dashboard
[Thu 04/16/2026  9:48:41.66] Version: 2026-04-16
[Thu 04/16/2026  9:48:41.67] Root: C:\Users\USER\Documents\GitHub\SHABv2\SHAB Attendance System\Client Package\
[Thu 04/16/2026  9:48:41.67] AppDir: C:\Users\USER\Documents\GitHub\SHABv2\SHAB Attendance System\Client Package\App\win-x86
[Thu 04/16/2026  9:48:41.69] User: USER
[Thu 04/16/2026  9:48:41.70] Machine: DESKTOP-KKLQT7L
[Thu 04/16/2026  9:48:41.70] ============================================================
[Thu 04/16/2026  9:48:41.72] Checking if dashboard is already running (port 5099)...
[Thu 04/16/2026  9:48:41.94] Requesting Administrator access for SDK install...
[Thu 04/16/2026  9:48:45.38] ============================================================
[Thu 04/16/2026  9:48:45.38] SHAB Attendance System - Start Dashboard
[Thu 04/16/2026  9:48:45.40] Version: 2026-04-16
[Thu 04/16/2026  9:48:45.41] Root: C:\Users\USER\Documents\GitHub\SHABv2\SHAB Attendance System\Client Package\
[Thu 04/16/2026  9:48:45.43] AppDir: C:\Users\USER\Documents\GitHub\SHABv2\SHAB Attendance System\Client Package\App\win-x86
[Thu 04/16/2026  9:48:45.45] User: USER
[Thu 04/16/2026  9:48:45.45] Machine: DESKTOP-KKLQT7L
[Thu 04/16/2026  9:48:45.46] ============================================================
[Thu 04/16/2026  9:48:45.48] Checking if dashboard is already running (port 5099)...
[Thu 04/16/2026  9:48:45.55] ZKTeco SDK not detected. Installing now - requires Administrator...
[Thu 04/16/2026  9:48:48.72] ZKTeco SDK detected (or dll present).
[Thu 04/16/2026  9:48:48.72] Preparing app files and security settings...
Security prep app path: C:\Users\USER\Documents\GitHub\SHABv2\SHAB Attendance System\Client Package\App\win-x86
Unblocked files: 339
IsAdmin: True
Defender exclusion attempted.
[Thu 04/16/2026  9:48:50.97] Checking .NET runtimes...
[Thu 04/16/2026  9:48:51.00] .NET runtimes detected.
[Thu 04/16/2026  9:48:51.01] Creating desktop shortcuts...
[Thu 04/16/2026  9:48:51.16] Shortcut created: C:\Users\USER\Desktop\SHAB Attendance Dashboard.cmd
[Thu 04/16/2026  9:48:51.16] Shortcut created: C:\Users\USER\Desktop\SHAB Attendance Dashboard.url
[Thu 04/16/2026  9:48:51.18] Launching SHAB Attendance Dashboard...
[Thu 04/16/2026  9:48:51.18] Middleware: WL10Middleware.exe --dashboard --dashboard-port 5099
[Thu 04/16/2026  9:48:51.19] LogFile: C:\Users\USER\Documents\GitHub\SHABv2\SHAB Attendance System\Client Package\Logs\attendance-middleware.log
[Thu 04/16/2026  9:48:51.21] MiddlewareStdout: C:\Users\USER\Documents\GitHub\SHABv2\SHAB Attendance System\Client Package\Logs\middleware-stdout.log
[Thu 04/16/2026  9:48:51.21] MiddlewareStderr: C:\Users\USER\Documents\GitHub\SHABv2\SHAB Attendance System\Client Package\Logs\middleware-stderr.log
PID=2184
[Sun 04/19/2026  2:20:17.21] ============================================================
[Sun 04/19/2026  2:20:17.22] SHAB Attendance System - Start Dashboard
[Sun 04/19/2026  2:20:17.23] Version: 2026-04-16
[Sun 04/19/2026  2:20:17.24] Root: C:\Users\USER\Documents\GitHub\SHABv2\SHAB Attendance System\Client Package\
[Sun 04/19/2026  2:20:17.25] AppDir: C:\Users\USER\Documents\GitHub\SHABv2\SHAB Attendance System\Client Package\App\win-x86
[Sun 04/19/2026  2:20:17.26] User: USER
[Sun 04/19/2026  2:20:17.28] Machine: DESKTOP-KKLQT7L
[Sun 04/19/2026  2:20:17.28] ============================================================
[Sun 04/19/2026  2:20:17.30] Checking if dashboard is already running (port 5099)...
[Sun 04/19/2026  2:20:19.71] ZKTeco SDK not detected. Installing now - requires Administrator...
[Sun 04/19/2026  2:20:22.07] ZKTeco SDK detected (or dll present).
[Sun 04/19/2026  2:20:22.08] Preparing app files and security settings...
Security prep app path: C:\Users\USER\Documents\GitHub\SHABv2\SHAB Attendance System\Client Package\App\win-x86
Unblocked files: 339
IsAdmin: True
Defender exclusion attempted.
[Sun 04/19/2026  2:20:23.05] WL10_STATE_PATH=C:\Users\USER\Documents\GitHub\SHABv2\SHAB Attendance System\Client Package\Data\state.json
[Sun 04/19/2026  2:20:23.06] WL10_ATTLOG_EXPORT_PATH=C:\Users\USER\Documents\GitHub\SHABv2\SHAB Attendance System\Client Package\Exports
[Sun 04/19/2026  2:21:28.88] ============================================================
[Sun 04/19/2026  2:21:28.88] SHAB Attendance System - Start Dashboard
[Sun 04/19/2026  2:21:28.90] Version: 2026-04-16
[Sun 04/19/2026  2:21:28.90] Root: C:\Users\USER\Documents\GitHub\SHABv2\SHAB Attendance System\Client Package\
[Sun 04/19/2026  2:21:28.92] AppDir: C:\Users\USER\Documents\GitHub\SHABv2\SHAB Attendance System\Client Package\App\win-x86
[Sun 04/19/2026  2:21:28.93] User: USER
[Sun 04/19/2026  2:21:28.94] Machine: DESKTOP-KKLQT7L
[Sun 04/19/2026  2:21:28.95] ============================================================
[Sun 04/19/2026  2:21:28.97] Checking if dashboard is already running (port 5099)...
[Sun 04/19/2026  2:21:31.39] Requesting Administrator access for SDK install...
[Sun 04/19/2026  2:21:33.19] ============================================================
[Sun 04/19/2026  2:21:33.19] SHAB Attendance System - Start Dashboard
[Sun 04/19/2026  2:21:33.20] Version: 2026-04-16
[Sun 04/19/2026  2:21:33.22] Root: C:\Users\USER\Documents\GitHub\SHABv2\SHAB Attendance System\Client Package\
[Sun 04/19/2026  2:21:33.23] AppDir: C:\Users\USER\Documents\GitHub\SHABv2\SHAB Attendance System\Client Package\App\win-x86
[Sun 04/19/2026  2:21:33.25] User: USER
[Sun 04/19/2026  2:21:33.25] Machine: DESKTOP-KKLQT7L
[Sun 04/19/2026  2:21:33.27] ============================================================
[Sun 04/19/2026  2:21:33.29] Checking if dashboard is already running (port 5099)...
[Sun 04/19/2026  2:21:35.68] ZKTeco SDK not detected. Installing now - requires Administrator...
[Sun 04/19/2026  2:21:38.02] ZKTeco SDK detected (or dll present).
[Sun 04/19/2026  2:21:38.02] Preparing app files and security settings...
Security prep app path: C:\Users\USER\Documents\GitHub\SHABv2\SHAB Attendance System\Client Package\App\win-x86
Unblocked files: 339
IsAdmin: True
Defender exclusion attempted.
[Sun 04/19/2026  2:21:39.02] WL10_STATE_PATH=C:\Users\USER\Documents\GitHub\SHABv2\SHAB Attendance System\Client Package\Data\state.json
[Sun 04/19/2026  2:21:39.03] WL10_ATTLOG_EXPORT_PATH=C:\Users\USER\Documents\GitHub\SHABv2\SHAB Attendance System\Client Package\Exports
[Sun 04/19/2026  2:34:36.03] ============================================================
[Sun 04/19/2026  2:34:36.04] SHAB Attendance System - Start Dashboard
[Sun 04/19/2026  2:34:36.05] Version: 2026-04-16
[Sun 04/19/2026  2:34:36.06] Root: C:\Users\USER\Documents\GitHub\SHABv2\SHAB Attendance System\Client Package\
[Sun 04/19/2026  2:34:36.08] AppDir: C:\Users\USER\Documents\GitHub\SHABv2\SHAB Attendance System\Client Package\App\win-x86
[Sun 04/19/2026  2:34:36.08] User: USER
[Sun 04/19/2026  2:34:36.10] Machine: DESKTOP-KKLQT7L
[Sun 04/19/2026  2:34:36.11] ============================================================
[Sun 04/19/2026  2:34:36.13] Checking if dashboard is already running (port 5099)...
[Sun 04/19/2026  2:34:40.65] ZKTeco SDK not detected. Installing now - requires Administrator...
[Sun 04/19/2026  2:34:42.99] ZKTeco SDK detected (or dll present).
[Sun 04/19/2026  2:34:42.99] Preparing app files and security settings...
Security prep app path: C:\Users\USER\Documents\GitHub\SHABv2\SHAB Attendance System\Client Package\App\win-x86
Unblocked files: 339
IsAdmin: True
Defender exclusion attempted.
[Sun 04/19/2026  2:34:44.05] WL10_STATE_PATH=C:\Users\USER\Documents\GitHub\SHABv2\SHAB Attendance System\Client Package\Data\state.json
[Sun 04/19/2026  2:34:44.07] WL10_ATTLOG_EXPORT_PATH=C:\Users\USER\Documents\GitHub\SHABv2\SHAB Attendance System\Client Package\Exports
[Sun 04/19/2026  2:36:17.82] ============================================================
[Sun 04/19/2026  2:36:17.82] SHAB Attendance System - Start Dashboard
[Sun 04/19/2026  2:36:17.84] Version: 2026-04-16
[Sun 04/19/2026  2:36:17.85] Root: C:\Users\USER\Documents\GitHub\SHABv2\SHAB Attendance System\Client Package\
[Sun 04/19/2026  2:36:17.86] AppDir: C:\Users\USER\Documents\GitHub\SHABv2\SHAB Attendance System\Client Package\App\win-x86
[Sun 04/19/2026  2:36:17.87] User: USER
[Sun 04/19/2026  2:36:17.89] Machine: DESKTOP-KKLQT7L
[Sun 04/19/2026  2:36:17.90] ============================================================
[Sun 04/19/2026  2:36:17.91] Checking if dashboard is already running (port 5099)...
[Sun 04/19/2026  2:36:22.38] ZKTeco SDK not detected. Installing now - requires Administrator...
[Sun 04/19/2026  2:36:24.70] ZKTeco SDK detected (or dll present).
[Sun 04/19/2026  2:36:24.70] Preparing app files and security settings...
Security prep app path: C:\Users\USER\Documents\GitHub\SHABv2\SHAB Attendance System\Client Package\App\win-x86
Unblocked files: 339
IsAdmin: True
Defender exclusion attempted.
[Sun 04/19/2026  2:36:25.74] WL10_STATE_PATH=C:\Users\USER\Documents\GitHub\SHABv2\SHAB Attendance System\Client Package\Data\state.json
[Sun 04/19/2026  2:36:25.75] WL10_ATTLOG_EXPORT_PATH=C:\Users\USER\Documents\GitHub\SHABv2\SHAB Attendance System\Client Package\Exports
[Sun 04/19/2026  2:39:12.36] ============================================================
[Sun 04/19/2026  2:39:12.36] SHAB Attendance System - Start Dashboard
[Sun 04/19/2026  2:39:12.38] Version: 2026-04-16
[Sun 04/19/2026  2:39:12.39] Root: C:\Users\USER\Documents\GitHub\SHABv2\SHAB Attendance System\Client Package\
[Sun 04/19/2026  2:39:12.40] AppDir: C:\Users\USER\Documents\GitHub\SHABv2\SHAB Attendance System\Client Package\App\win-x86
[Sun 04/19/2026  2:39:12.41] User: USER
[Sun 04/19/2026  2:39:12.43] Machine: DESKTOP-KKLQT7L
[Sun 04/19/2026  2:39:12.44] ============================================================
[Sun 04/19/2026  2:39:12.45] Checking if dashboard is already running (port 5099)...
[Sun 04/19/2026  2:39:16.97] ZKTeco SDK not detected. Installing now - requires Administrator...
[Sun 04/19/2026  2:39:19.28] ZKTeco SDK detected (or dll present).
[Sun 04/19/2026  2:39:19.28] Preparing app files and security settings...
Security prep app path: C:\Users\USER\Documents\GitHub\SHABv2\SHAB Attendance System\Client Package\App\win-x86
Unblocked files: 339
IsAdmin: True
Defender exclusion attempted.
[Sun 04/19/2026  2:39:20.37] WL10_STATE_PATH=C:\Users\USER\Documents\GitHub\SHABv2\SHAB Attendance System\Client Package\Data\state.json
[Sun 04/19/2026  2:39:20.38] WL10_ATTLOG_EXPORT_PATH=C:\Users\USER\Documents\GitHub\SHABv2\SHAB Attendance System\Client Package\Exports
[Sun 04/19/2026  2:40:05.60] ============================================================
[Sun 04/19/2026  2:40:05.60] SHAB Attendance System - Start Dashboard
[Sun 04/19/2026  2:40:05.62] Version: 2026-04-16
[Sun 04/19/2026  2:40:05.63] Root: C:\Users\USER\Documents\GitHub\SHABv2\SHAB Attendance System\Client Package\
[Sun 04/19/2026  2:40:05.64] AppDir: C:\Users\USER\Documents\GitHub\SHABv2\SHAB Attendance System\Client Package\App\win-x86
[Sun 04/19/2026  2:40:05.65] User: USER
[Sun 04/19/2026  2:40:05.66] Machine: DESKTOP-KKLQT7L
[Sun 04/19/2026  2:40:05.68] ============================================================
[Sun 04/19/2026  2:40:05.69] Checking if dashboard is already running (port 5099)...
[Sun 04/19/2026  2:40:10.14] ZKTeco SDK not detected. Installing now - requires Administrator...
[Sun 04/19/2026  2:40:12.47] ZKTeco SDK detected (or dll present).
[Sun 04/19/2026  2:40:12.47] Preparing app files and security settings...
Security prep app path: C:\Users\USER\Documents\GitHub\SHABv2\SHAB Attendance System\Client Package\App\win-x86
Unblocked files: 339
IsAdmin: True
Defender exclusion attempted.
[Sun 04/19/2026  2:40:13.50] WL10_STATE_PATH=C:\Users\USER\Documents\GitHub\SHABv2\SHAB Attendance System\Client Package\Data\state.json
[Sun 04/19/2026  2:40:13.50] WL10_ATTLOG_EXPORT_PATH=C:\Users\USER\Documents\GitHub\SHABv2\SHAB Attendance System\Client Package\Exports
[Sun 04/19/2026  3:16:46.63] ============================================================
[Sun 04/19/2026  3:16:46.65] SHAB Attendance System - Start Dashboard
[Sun 04/19/2026  3:16:46.65] Version: 2026-04-16
[Sun 04/19/2026  3:16:46.65] Root: C:\Users\USER\Documents\GitHub\SHABv2\SHAB Attendance System\Client Package\
[Sun 04/19/2026  3:16:46.66] AppDir: C:\Users\USER\Documents\GitHub\SHABv2\SHAB Attendance System\Client Package\App\win-x86
[Sun 04/19/2026  3:16:46.66] User: USER
[Sun 04/19/2026  3:16:46.66] Machine: DESKTOP-KKLQT7L
[Sun 04/19/2026  3:16:46.66] RunMode: background
[Sun 04/19/2026  3:16:46.68] ============================================================
[Sun 04/19/2026  3:16:46.68] OS_VER: Windows_NT (ver: 2)

Microsoft Windows [Version 10.0.19045.6466]
PSVersion=5.1.19041.6456
Is64BitOS=True
Is64BitProc=True
OSVersion=Microsoft Windows NT 10.0.19045.0
[Sun 04/19/2026  3:16:46.99] Checking if dashboard is already running (port 5099)...
[Sun 04/19/2026  3:16:51.37] ZKTeco SDK not detected. Installing now - requires Administrator...
[Sun 04/19/2026  3:16:53.60] ZKTeco SDK detected (or dll present).
[Sun 04/19/2026  3:16:53.60] Preparing app files and security settings...
Security prep app path: C:\Users\USER\Documents\GitHub\SHABv2\SHAB Attendance System\Client Package\App\win-x86
Unblocked files: 339
IsAdmin: True
Defender exclusion attempted.
[Sun 04/19/2026  3:16:54.48] WL10_STATE_PATH=C:\Users\USER\Documents\GitHub\SHABv2\SHAB Attendance System\Client Package\Data\state.json
[Sun 04/19/2026  3:16:54.48] WL10_ATTLOG_EXPORT_PATH=C:\Users\USER\Documents\GitHub\SHABv2\SHAB Attendance System\Client Package\Exports
[Sun 04/19/2026  3:25:08.12] ============================================================
[Sun 04/19/2026  3:25:08.13] SHAB Attendance System - Start Dashboard
[Sun 04/19/2026  3:25:08.13] Version: 2026-04-16
[Sun 04/19/2026  3:25:08.15] Root: C:\Users\USER\Documents\GitHub\SHABv2\SHAB Attendance System\Client Package\
[Sun 04/19/2026  3:25:08.15] AppDir: C:\Users\USER\Documents\GitHub\SHABv2\SHAB Attendance System\Client Package\App\win-x86
[Sun 04/19/2026  3:25:08.15] User: USER
[Sun 04/19/2026  3:25:08.16] Machine: DESKTOP-KKLQT7L
[Sun 04/19/2026  3:25:08.16] RunMode: background
[Sun 04/19/2026  3:25:08.16] ============================================================
[Sun 04/19/2026  3:25:08.16] OS_VER: Windows_NT (ver: 2)

Microsoft Windows [Version 10.0.19045.6466]
PSVersion=5.1.19041.6456
Is64BitOS=True
Is64BitProc=True
OSVersion=Microsoft Windows NT 10.0.19045.0
[Sun 04/19/2026  3:25:11.11] Checking if dashboard is already running (port 5099)...
[Sun 04/19/2026  3:25:16.74] ZKTeco SDK not detected. Installing now - requires Administrator...
[Sun 04/19/2026  3:25:21.40] ZKTeco SDK detected (or dll present).
[Sun 04/19/2026  3:25:21.42] Preparing app files and security settings...
Security prep app path: C:\Users\USER\Documents\GitHub\SHABv2\SHAB Attendance System\Client Package\App\win-x86
Unblocked files: 339
IsAdmin: True
Defender exclusion attempted.
[Sun 04/19/2026  3:25:27.23] WL10_STATE_PATH=C:\Users\USER\Documents\GitHub\SHABv2\SHAB Attendance System\Client Package\Data\state.json
[Sun 04/19/2026  3:25:27.25] WL10_ATTLOG_EXPORT_PATH=C:\Users\USER\Documents\GitHub\SHABv2\SHAB Attendance System\Client Package\Exports
[Sun 04/19/2026  3:33:11.55] ============================================================
[Sun 04/19/2026  3:33:11.56] SHAB Attendance System - Start Dashboard
[Sun 04/19/2026  3:33:11.56] Version: 2026-04-16
[Sun 04/19/2026  3:33:11.58] Root: C:\Users\USER\Documents\GitHub\SHABv2\SHAB Attendance System\Client Package\
[Sun 04/19/2026  3:33:11.58] AppDir: C:\Users\USER\Documents\GitHub\SHABv2\SHAB Attendance System\Client Package\App\win-x86
[Sun 04/19/2026  3:33:11.58] User: USER
[Sun 04/19/2026  3:33:11.59] Machine: DESKTOP-KKLQT7L
[Sun 04/19/2026  3:33:11.59] RunMode: console
[Sun 04/19/2026  3:33:11.61] ============================================================
[Sun 04/19/2026  3:33:11.61] OS_VER: Windows_NT (ver: 2)

Microsoft Windows [Version 10.0.19045.6466]
PSVersion=5.1.19041.6456
Is64BitOS=True
Is64BitProc=True
OSVersion=Microsoft Windows NT 10.0.19045.0
[Sun 04/19/2026  3:33:12.19] Checking if dashboard is already running (port 5099)...
[Sun 04/19/2026  3:33:16.72] Requesting Administrator access for SDK install...
[Sun 04/19/2026  3:33:19.81] ============================================================
[Sun 04/19/2026  3:33:19.81] SHAB Attendance System - Start Dashboard
[Sun 04/19/2026  3:33:19.81] Version: 2026-04-16
[Sun 04/19/2026  3:33:19.83] Root: C:\Users\USER\Documents\GitHub\SHABv2\SHAB Attendance System\Client Package\
[Sun 04/19/2026  3:33:19.83] AppDir: C:\Users\USER\Documents\GitHub\SHABv2\SHAB Attendance System\Client Package\App\win-x86
[Sun 04/19/2026  3:33:19.83] User: USER
[Sun 04/19/2026  3:33:19.84] Machine: DESKTOP-KKLQT7L
[Sun 04/19/2026  3:33:19.84] RunMode: background
[Sun 04/19/2026  3:33:19.84] ============================================================
[Sun 04/19/2026  3:33:19.84] OS_VER: Windows_NT (ver: 2)

Microsoft Windows [Version 10.0.19045.6466]
PSVersion=5.1.19041.6456
Is64BitOS=True
Is64BitProc=True
OSVersion=Microsoft Windows NT 10.0.19045.0
[Sun 04/19/2026  3:33:20.08] Checking if dashboard is already running (port 5099)...
[Sun 04/19/2026  3:33:24.53] ZKTeco SDK not detected. Installing now - requires Administrator...
[Sun 04/19/2026  3:33:26.84] ZKTeco SDK detected (or dll present).
[Sun 04/19/2026  3:33:26.84] Preparing app files and security settings...
Security prep app path: C:\Users\USER\Documents\GitHub\SHABv2\SHAB Attendance System\Client Package\App\win-x86
Unblocked files: 339
IsAdmin: True
Defender exclusion attempted.
[Sun 04/19/2026  3:33:27.97] WL10_STATE_PATH=C:\Users\USER\Documents\GitHub\SHABv2\SHAB Attendance System\Client Package\Data\state.json
[Sun 04/19/2026  3:33:27.97] WL10_ATTLOG_EXPORT_PATH=C:\Users\USER\Documents\GitHub\SHABv2\SHAB Attendance System\Client Package\Exports
[Sun 04/19/2026  3:35:13.86] ============================================================
[Sun 04/19/2026  3:35:13.86] SHAB Attendance System - Start Dashboard
[Sun 04/19/2026  3:35:13.87] Version: 2026-04-16
[Sun 04/19/2026  3:35:13.87] Root: C:\Users\USER\Documents\GitHub\SHABv2\SHAB Attendance System\Client Package\
[Sun 04/19/2026  3:35:13.87] AppDir: C:\Users\USER\Documents\GitHub\SHABv2\SHAB Attendance System\Client Package\App\win-x86
[Sun 04/19/2026  3:35:13.87] User: USER
[Sun 04/19/2026  3:35:13.89] Machine: DESKTOP-KKLQT7L
[Sun 04/19/2026  3:35:13.89] RunMode: console
[Sun 04/19/2026  3:35:13.90] ============================================================
[Sun 04/19/2026  3:35:13.90] OS_VER: Windows_NT (ver: 2)

Microsoft Windows [Version 10.0.19045.6466]
PSVersion=5.1.19041.6456
Is64BitOS=True
Is64BitProc=True
OSVersion=Microsoft Windows NT 10.0.19045.0
[Sun 04/19/2026  3:35:14.09] Checking if dashboard is already running (port 5099)...
[Sun 04/19/2026  3:35:18.61] ZKTeco SDK not detected. Installing now - requires Administrator...
[Sun 04/19/2026  3:35:20.91] ZKTeco SDK detected (or dll present).
[Sun 04/19/2026  3:35:20.93] Preparing app files and security settings...
Security prep app path: C:\Users\USER\Documents\GitHub\SHABv2\SHAB Attendance System\Client Package\App\win-x86
Unblocked files: 339
IsAdmin: True
Defender exclusion attempted.
[Sun 04/19/2026  3:35:22.04] WL10_STATE_PATH=C:\Users\USER\Documents\GitHub\SHABv2\SHAB Attendance System\Client Package\Data\state.json
[Sun 04/19/2026  3:35:22.04] WL10_ATTLOG_EXPORT_PATH=C:\Users\USER\Documents\GitHub\SHABv2\SHAB Attendance System\Client Package\Exports
[Sun 04/19/2026  3:53:35.33] ============================================================
[Sun 04/19/2026  3:53:35.33] SHAB Attendance System - Start Dashboard
[Sun 04/19/2026  3:53:35.33] Version: 2026-04-16
[Sun 04/19/2026  3:53:35.35] Root: C:\Users\USER\Documents\GitHub\SHABv2\SHAB Attendance System\Client Package\
[Sun 04/19/2026  3:53:35.35] AppDir: C:\Users\USER\Documents\GitHub\SHABv2\SHAB Attendance System\Client Package\App\win-x86
[Sun 04/19/2026  3:53:35.35] User: USER
[Sun 04/19/2026  3:53:35.36] Machine: DESKTOP-KKLQT7L
[Sun 04/19/2026  3:53:35.36] RunMode: console
[Sun 04/19/2026  3:53:35.36] ============================================================
[Sun 04/19/2026  3:53:35.36] OS_VER: Windows_NT (ver: 2)

Microsoft Windows [Version 10.0.19045.6466]
PSVersion=5.1.19041.6456
Is64BitOS=True
Is64BitProc=True
OSVersion=Microsoft Windows NT 10.0.19045.0
[Sun 04/19/2026  3:53:35.75] Checking if dashboard is already running (port 5099)...
[Sun 04/19/2026  3:53:40.21] ZKTeco SDK not detected. Installing now - requires Administrator...
[Sun 04/19/2026  3:53:42.50] ZKTeco SDK detected (or dll present).
[Sun 04/19/2026  3:53:42.50] Preparing app files and security settings...
Security prep app path: C:\Users\USER\Documents\GitHub\SHABv2\SHAB Attendance System\Client Package\App\win-x86
Unblocked files: 339
IsAdmin: True
Defender exclusion attempted.
[Sun 04/19/2026  3:53:43.46] WL10_STATE_PATH=C:\Users\USER\Documents\GitHub\SHABv2\SHAB Attendance System\Client Package\Data\state.json
[Sun 04/19/2026  3:53:43.48] WL10_ATTLOG_EXPORT_PATH=C:\Users\USER\Documents\GitHub\SHABv2\SHAB Attendance System\Client Package\Exports
[Sun 04/19/2026  4:03:40.20] ============================================================
[Sun 04/19/2026  4:03:40.20] SHAB Attendance System - Start Dashboard
[Sun 04/19/2026  4:03:40.20] Version: 2026-04-16
[Sun 04/19/2026  4:03:40.22] Root: C:\Users\USER\Documents\GitHub\SHABv2\SHAB Attendance System\Client Package\
[Sun 04/19/2026  4:03:40.22] AppDir: C:\Users\USER\Documents\GitHub\SHABv2\SHAB Attendance System\Client Package\App\win-x86
[Sun 04/19/2026  4:03:40.22] User: USER
[Sun 04/19/2026  4:03:40.22] Machine: DESKTOP-KKLQT7L
[Sun 04/19/2026  4:03:40.23] RunMode: console
[Sun 04/19/2026  4:03:40.23] ============================================================
[Sun 04/19/2026  4:03:40.23] OS_VER: Windows_NT (ver: 2)

Microsoft Windows [Version 10.0.19045.6466]
PSVersion=5.1.19041.6456
Is64BitOS=True
Is64BitProc=True
OSVersion=Microsoft Windows NT 10.0.19045.0
[Sun 04/19/2026  4:03:40.42] Checking if dashboard is already running (port 5099)...
[Sun 04/19/2026  4:03:44.81] ZKTeco SDK not detected. Installing now - requires Administrator...
[Sun 04/19/2026  4:03:47.08] ZKTeco SDK detected (or dll present).
[Sun 04/19/2026  4:03:47.10] Preparing app files and security settings...
Security prep app path: C:\Users\USER\Documents\GitHub\SHABv2\SHAB Attendance System\Client Package\App\win-x86
Unblocked files: 339
IsAdmin: True
Defender exclusion attempted.
[Sun 04/19/2026  4:03:48.04] WL10_STATE_PATH=C:\Users\USER\Documents\GitHub\SHABv2\SHAB Attendance System\Client Package\Data\state.json
[Sun 04/19/2026  4:03:48.04] WL10_ATTLOG_EXPORT_PATH=C:\Users\USER\Documents\GitHub\SHABv2\SHAB Attendance System\Client Package\Exports
[Sun 04/19/2026  4:03:48.06] Self-contained runtime detected: coreclr.dll. Skipping dotnet runtime checks.
[Sun 04/19/2026  4:03:48.06] Creating desktop shortcuts...
[Sun 04/19/2026  4:03:48.90] Shortcut created: C:\Users\USER\Desktop\SHAB Attendance Dashboard.lnk
[Sun 04/19/2026  4:03:48.90] Launching SHAB Attendance Dashboard...
[Sun 04/19/2026  4:03:48.92] Middleware: WL10Middleware.exe --dashboard --dashboard-port 5099
[Sun 04/19/2026  4:03:48.92] LogFile: C:\Users\USER\Documents\GitHub\SHABv2\SHAB Attendance System\Client Package\Logs\attendance-middleware.log
[Sun 04/19/2026  4:03:48.92] MiddlewareStdout: C:\Users\USER\Documents\GitHub\SHABv2\SHAB Attendance System\Client Package\Logs\middleware-stdout.log
[Sun 04/19/2026  4:03:48.92] MiddlewareStderr: C:\Users\USER\Documents\GitHub\SHABv2\SHAB Attendance System\Client Package\Logs\middleware-stderr.log
[Sun 04/19/2026  4:20:01.59] ============================================================
[Sun 04/19/2026  4:20:01.59] SHAB Attendance System - Start Dashboard
[Sun 04/19/2026  4:20:01.61] Version: 2026-04-16
[Sun 04/19/2026  4:20:01.61] Root: C:\Users\USER\Documents\GitHub\SHABv2\SHAB Attendance System\Client Package\
[Sun 04/19/2026  4:20:01.61] AppDir: C:\Users\USER\Documents\GitHub\SHABv2\SHAB Attendance System\Client Package\App\win-x86
[Sun 04/19/2026  4:20:01.62] User: USER
[Sun 04/19/2026  4:20:01.63] Machine: DESKTOP-KKLQT7L
[Sun 04/19/2026  4:20:01.63] RunMode: console
[Sun 04/19/2026  4:20:01.63] ============================================================
[Sun 04/19/2026  4:20:01.63] OS_VER: Windows_NT (ver: 2)

Microsoft Windows [Version 10.0.19045.6466]
PSVersion=5.1.19041.6456
Is64BitOS=True
Is64BitProc=True
OSVersion=Microsoft Windows NT 10.0.19045.0
[Sun 04/19/2026  4:20:01.83] Checking if dashboard is already running (port 5099)...
[Sun 04/19/2026  4:20:06.18] ZKTeco SDK not detected. Installing now - requires Administrator...
[Sun 04/19/2026  4:20:08.44] ZKTeco SDK detected (or dll present).
[Sun 04/19/2026  4:20:08.44] Preparing app files and security settings...
Security prep app path: C:\Users\USER\Documents\GitHub\SHABv2\SHAB Attendance System\Client Package\App\win-x86
Unblocked files: 339
IsAdmin: True
Defender exclusion attempted.
[Sun 04/19/2026  4:20:09.43] WL10_STATE_PATH=C:\Users\USER\Documents\GitHub\SHABv2\SHAB Attendance System\Client Package\Data\state.json
[Sun 04/19/2026  4:20:09.43] WL10_ATTLOG_EXPORT_PATH=C:\Users\USER\Documents\GitHub\SHABv2\SHAB Attendance System\Client Package\Exports
[Sun 04/19/2026  4:20:09.43] Dotnet check OK (or self-contained runtime detected).
[Sun 04/19/2026  4:20:09.45] Creating desktop shortcuts...
[Sun 04/19/2026  4:20:09.73] Shortcut created: C:\Users\USER\Desktop\SHAB Attendance Dashboard.lnk
[Sun 04/19/2026  4:20:09.73] Launching SHAB Attendance Dashboard...
[Sun 04/19/2026  4:20:09.73] Middleware: WL10Middleware.exe --dashboard --dashboard-port 5099
[Sun 04/19/2026  4:20:09.75] LogFile: C:\Users\USER\Documents\GitHub\SHABv2\SHAB Attendance System\Client Package\Logs\attendance-middleware.log
[Sun 04/19/2026  4:20:09.75] MiddlewareStdout: C:\Users\USER\Documents\GitHub\SHABv2\SHAB Attendance System\Client Package\Logs\middleware-stdout.log
[Sun 04/19/2026  4:20:09.75] MiddlewareStderr: C:\Users\USER\Documents\GitHub\SHABv2\SHAB Attendance System\Client Package\Logs\middleware-stderr.log
[Sun 04/19/2026  4:20:09.76] Running middleware in foreground (console mode)...
[Sun 04/19/2026 12:04:00.76] ============================================================
[Sun 04/19/2026 12:04:00.77] SHAB Attendance System - Start Dashboard
[Sun 04/19/2026 12:04:00.77] Version: 2026-04-16
[Sun 04/19/2026 12:04:00.77] Root: C:\Users\USER\Documents\GitHub\SHABv2\SHAB Attendance System\Client Package\
[Sun 04/19/2026 12:04:00.77] AppDir: C:\Users\USER\Documents\GitHub\SHABv2\SHAB Attendance System\Client Package\App\win-x86
[Sun 04/19/2026 12:04:00.79] User: USER
[Sun 04/19/2026 12:04:00.79] Machine: DESKTOP-KKLQT7L
[Sun 04/19/2026 12:04:00.79] RunMode: background
[Sun 04/19/2026 12:04:00.80] ============================================================
[Sun 04/19/2026 12:04:00.80] OS_VER: Windows_NT (ver: 2)

Microsoft Windows [Version 10.0.19045.6466]
PSVersion=5.1.19041.6456
Is64BitOS=True
Is64BitProc=True
OSVersion=Microsoft Windows NT 10.0.19045.0
[Sun 04/19/2026 12:04:01.18] Checking if dashboard is already running (port 5099)...
[Sun 04/19/2026 12:04:05.54] ZKTeco SDK not detected. Installing now - requires Administrator...
[Sun 04/19/2026 12:04:07.78] ZKTeco SDK detected (or dll present).
[Sun 04/19/2026 12:04:07.79] Preparing app files and security settings...
Security prep app path: C:\Users\USER\Documents\GitHub\SHABv2\SHAB Attendance System\Client Package\App\win-x86
Unblocked files: 339
IsAdmin: True
Defender exclusion attempted.
[Sun 04/19/2026 12:04:08.92] WL10_STATE_PATH=C:\Users\USER\Documents\GitHub\SHABv2\SHAB Attendance System\Client Package\Data\state.json
[Sun 04/19/2026 12:04:08.92] WL10_ATTLOG_EXPORT_PATH=C:\Users\USER\Documents\GitHub\SHABv2\SHAB Attendance System\Client Package\Reference\1_attlog.dat
[Sun 04/19/2026 12:04:08.92] WL10_ATTLOG_FILE_PATH=C:\Users\USER\Documents\GitHub\SHABv2\SHAB Attendance System\Client Package\Reference\1_attlog.dat
[Sun 04/19/2026 12:04:08.92] Dotnet check OK (or self-contained runtime detected).
[Sun 04/19/2026 12:04:08.93] Creating desktop shortcuts...
[Sun 04/19/2026 12:04:09.53] Shortcut created: C:\Users\USER\Desktop\SHAB Attendance Dashboard.lnk
[Sun 04/19/2026 12:04:09.54] Launching SHAB Attendance Dashboard...
[Sun 04/19/2026 12:04:09.54] Middleware: WL10Middleware.exe --dashboard --dashboard-port 5099
[Sun 04/19/2026 12:04:09.54] LogFile: C:\Users\USER\Documents\GitHub\SHABv2\SHAB Attendance System\Client Package\Logs\attendance-middleware.log
[Sun 04/19/2026 12:04:09.54] MiddlewareStdout: C:\Users\USER\Documents\GitHub\SHABv2\SHAB Attendance System\Client Package\Logs\middleware-stdout.log
[Sun 04/19/2026 12:04:09.56] MiddlewareStderr: C:\Users\USER\Documents\GitHub\SHABv2\SHAB Attendance System\Client Package\Logs\middleware-stderr.log
PID=9220
[Sun 04/19/2026 14:26:01.65] ============================================================
[Sun 04/19/2026 14:26:01.66] SHAB Attendance System - Start Dashboard
[Sun 04/19/2026 14:26:01.68] Version: 2026-04-16
[Sun 04/19/2026 14:26:01.69] Root: C:\Users\admin\Documents\GitHub\SHABv2\SHAB Attendance System\Client Package\
[Sun 04/19/2026 14:26:01.71] AppDir: C:\Users\admin\Documents\GitHub\SHABv2\SHAB Attendance System\Client Package\App\win-x86
[Sun 04/19/2026 14:26:01.72] User: admin
[Sun 04/19/2026 14:26:02.15] Dashboard reachable. Opening browser: http://127.0.0.1:5099/login
[Sun 04/19/2026 14:26:03.72] Done.
[Sun 04/19/2026 14:26:03.74] RunMode: background
[Sun 04/19/2026 14:26:03.76] ============================================================
[Sun 04/19/2026 14:26:03.78] OS_VER: Windows_NT (ver: 2)

Microsoft Windows [Version 10.0.19045.5965]
PSVersion=5.1.19041.5965
Is64BitOS=True
Is64BitProc=True
OSVersion=Microsoft Windows NT 10.0.19045.0
[Sun 04/19/2026 14:26:04.32] Checking if dashboard is already running (port 5099)...
[Sun 04/19/2026 14:26:04.74] Dashboard reachable. Opening browser: http://127.0.0.1:5099/login
[Sun 04/19/2026 14:26:05.70] Done.
[Sun 04/19/2026 14:29:53.75] ============================================================
[Sun 04/19/2026 14:29:53.76] SHAB Attendance System - Start Dashboard
[Sun 04/19/2026 14:29:53.79] Version: 2026-04-16
[Sun 04/19/2026 14:29:53.81] Root: C:\Users\admin\Documents\GitHub\SHABv2\SHAB Attendance System\Client Package\
[Sun 04/19/2026 14:29:53.82] AppDir: C:\Users\admin\Documents\GitHub\SHABv2\SHAB Attendance System\Client Package\App\win-x86
[Sun 04/19/2026 14:29:53.84] User: admin
[Sun 04/19/2026 14:29:54.40] Dashboard reachable. Opening browser: http://127.0.0.1:5099/login
[Sun 04/19/2026 14:29:55.62] Done.
[Sun 04/19/2026 14:29:55.64] RunMode: background
[Sun 04/19/2026 14:29:55.65] ============================================================
[Sun 04/19/2026 14:29:55.67] OS_VER: Windows_NT (ver: 2)

Microsoft Windows [Version 10.0.19045.5965]
PSVersion=5.1.19041.5965
Is64BitOS=True
Is64BitProc=True
OSVersion=Microsoft Windows NT 10.0.19045.0
[Sun 04/19/2026 14:29:56.13] Checking if dashboard is already running (port 5099)...
[Sun 04/19/2026 14:29:56.48] Dashboard reachable. Opening browser: http://127.0.0.1:5099/login
[Sun 04/19/2026 14:29:57.22] Done.
[Sun 04/19/2026 14:35:33.97] ============================================================
[Sun 04/19/2026 14:35:33.98] SHAB Attendance System - Start Dashboard
[Sun 04/19/2026 14:35:33.99] Version: 2026-04-16
[Sun 04/19/2026 14:35:34.01] Root: C:\Users\admin\Documents\GitHub\SHABv2\SHAB Attendance System\Client Package\
[Sun 04/19/2026 14:35:34.02] AppDir: C:\Users\admin\Documents\GitHub\SHABv2\SHAB Attendance System\Client Package\App\win-x86
[Sun 04/19/2026 14:35:34.04] User: admin
[Sun 04/19/2026 14:35:34.39] Dashboard reachable. Opening browser: http://127.0.0.1:5099/login
[Sun 04/19/2026 14:35:35.67] Done.
[Sun 04/19/2026 14:35:35.68] RunMode: background
[Sun 04/19/2026 14:35:35.70] ============================================================
[Sun 04/19/2026 14:35:35.72] OS_VER: Windows_NT (ver: 2)

Microsoft Windows [Version 10.0.19045.5965]
PSVersion=5.1.19041.5965
Is64BitOS=True
Is64BitProc=True
OSVersion=Microsoft Windows NT 10.0.19045.0
[Sun 04/19/2026 14:35:36.16] Checking if dashboard is already running (port 5099)...
[Sun 04/19/2026 14:35:36.52] Dashboard reachable. Opening browser: http://127.0.0.1:5099/login
[Sun 04/19/2026 14:35:37.39] Done.
[Sun 04/19/2026 14:44:35.74] ============================================================
[Sun 04/19/2026 14:44:35.74] SHAB Attendance System - Start Dashboard
[Sun 04/19/2026 14:44:35.77] Version: 2026-04-16
[Sun 04/19/2026 14:44:35.78] Root: C:\Users\admin\Documents\GitHub\SHABv2\SHAB Attendance System\Client Package\
[Sun 04/19/2026 14:44:35.80] AppDir: C:\Users\admin\Documents\GitHub\SHABv2\SHAB Attendance System\Client Package\App\win-x86
[Sun 04/19/2026 14:44:35.81] User: admin
[Sun 04/19/2026 14:44:36.20] Dashboard reachable. Opening browser: http://127.0.0.1:5099/login
[Sun 04/19/2026 14:44:37.62] Done.
[Sun 04/19/2026 14:44:37.64] RunMode: background
[Sun 04/19/2026 14:44:37.66] ============================================================
[Sun 04/19/2026 14:44:37.68] OS_VER: Windows_NT (ver: 2)

Microsoft Windows [Version 10.0.19045.5965]
PSVersion=5.1.19041.5965
Is64BitOS=True
Is64BitProc=True
OSVersion=Microsoft Windows NT 10.0.19045.0
[Sun 04/19/2026 14:44:38.41] Checking if dashboard is already running (port 5099)...
[Sun 04/19/2026 14:44:38.78] Dashboard reachable. Opening browser: http://127.0.0.1:5099/login
[Sun 04/19/2026 14:44:39.74] Done.
[Sun 04/19/2026 14:51:40.74] ============================================================
[Sun 04/19/2026 14:51:40.75] SHAB Attendance System - Start Dashboard
[Sun 04/19/2026 14:51:40.77] Version: 2026-04-16
[Sun 04/19/2026 14:51:40.79] Creating desktop shortcuts...
[Sun 04/19/2026 14:51:41.38] Shortcut created: C:\Users\admin\Desktop\SHAB Attendance Dashboard.lnk
[Sun 04/19/2026 14:51:41.39] Launching SHAB Attendance Dashboard...
[Sun 04/19/2026 14:51:41.41] Middleware: WL10Middleware.exe --dashboard --dashboard-port 5099
[Sun 04/19/2026 14:51:41.43] LogFile: C:\Users\admin\Documents\GitHub\SHABv2\SHAB Attendance System\Client Package\Logs\attendance-middleware.log
[Sun 04/19/2026 14:51:41.44] MiddlewareStdout: C:\Users\admin\Documents\GitHub\SHABv2\SHAB Attendance System\Client Package\Logs\middleware-stdout.log
[Sun 04/19/2026 14:51:41.47] MiddlewareStderr: C:\Users\admin\Documents\GitHub\SHABv2\SHAB Attendance System\Client Package\Logs\middleware-stderr.log
START_ERROR=System.InvalidOperationException: This command cannot be run due to the error: The system cannot find the file specified.
[Sun 04/19/2026 14:51:41.98] Middleware start via PowerShell failed. rc=101. Trying fallback start.
[Sun 04/19/2026 14:51:50.25] Middleware not found in tasklist after initial start attempt.
[Sun 04/19/2026 14:51:50.26] ERROR: Middleware process did not start.
[Sun 04/19/2026 14:51:50.27] Middleware stdout (tail):
[Sun 04/19/2026 14:51:50.63] Middleware stderr (tail):
[Sun 04/19/2026 14:51:50.98] Desktop path: C:\Users\admin\Desktop
[Sun 04/19/2026 14:51:50.99] Recent crash events (Application log):
[Sun 04/19/2026 15:07:37.11] ERROR: Middleware process did not start.
[Sun 04/19/2026 15:07:37.12] Middleware stdout (tail):
[Sun 04/19/2026 15:07:37.57] Middleware stderr (tail):
[Sun 04/19/2026 15:07:37.91] Desktop path: C:\Users\admin\Desktop
[Sun 04/19/2026 15:07:37.91] Recent crash events (Application log):
^C[Sun 04/19/2026 15:07:46.94] User: admin
[Sun 04/19/2026 15:07:46.96] Middleware exited (console mode). ExitCode=9009
[Sun 04/19/2026 15:07:47.04] RunMode: background
INFO: No tasks are running which match the specified criteria.
[Sun 04/19/2026 15:07:47.22] Desktop path: C:\Users\admin\Desktop
[Sun 04/19/2026 15:07:47.24] HTTP probe:
HTTP_ERROR System.Net.WebException The operation has timed out.
[Sun 04/19/2026 15:07:50.50] Recent crash events (Application log):
[Sun 04/19/2026 15:07:50.88] Middleware stdout (tail):
[Sun 04/19/2026 15:07:51.38] Middleware stderr (tail):
[Sun 04/19/2026 15:16:02.45] ============================================================
[Sun 04/19/2026 15:16:02.45] SHAB Attendance System - Start Dashboard
[Sun 04/19/2026 15:16:02.48] Version: 2026-04-16
[Sun 04/19/2026 15:16:02.51] Creating desktop shortcuts...
[Sun 04/19/2026 15:16:03.09] Shortcut created: C:\Users\admin\Desktop\SHAB Attendance Dashboard.lnk
[Sun 04/19/2026 15:16:03.10] Launching SHAB Attendance Dashboard...
[Sun 04/19/2026 15:16:03.11] Middleware: WL10Middleware.exe --dashboard --dashboard-port 5099
[Sun 04/19/2026 15:16:03.13] LogFile: C:\Users\admin\Documents\GitHub\SHABv2\SHAB Attendance System\Client Package\Logs\attendance-middleware.log
[Sun 04/19/2026 15:16:03.14] MiddlewareStdout: C:\Users\admin\Documents\GitHub\SHABv2\SHAB Attendance System\Client Package\Logs\middleware-stdout.log
[Sun 04/19/2026 15:16:03.16] MiddlewareStderr: C:\Users\admin\Documents\GitHub\SHABv2\SHAB Attendance System\Client Package\Logs\middleware-stderr.log
[Sun 04/19/2026 15:16:03.18] ERROR: Middleware process did not start.
[Sun 04/19/2026 15:16:03.19] Middleware stdout (tail):
(missing) "C:\Users\admin\Documents\GitHub\SHABv2\SHAB Attendance System\Client Package\Logs\middleware-stdout.log"
[Sun 04/19/2026 15:16:03.22] Middleware stderr (tail):
(missing) "C:\Users\admin\Documents\GitHub\SHABv2\SHAB Attendance System\Client Package\Logs\middleware-stderr.log"
[Sun 04/19/2026 15:16:03.27] Desktop path: C:\Users\admin\Desktop
[Sun 04/19/2026 15:16:03.28] Recent crash events (Application log):
[Sun 04/19/2026 15:16:58.30] Middleware not found in tasklist after initial start attempt.
[Sun 04/19/2026 15:16:58.31] ERROR: Middleware process did not start.
[Sun 04/19/2026 15:16:58.32] Middleware stdout (tail):
(missing) "C:\Users\admin\Documents\GitHub\SHABv2\SHAB Attendance System\Client Package\Logs\middleware-stdout.log"
[Sun 04/19/2026 15:16:58.35] Middleware stderr (tail):
(missing) "C:\Users\admin\Documents\GitHub\SHABv2\SHAB Attendance System\Client Package\Logs\middleware-stderr.log"
[Sun 04/19/2026 15:16:58.38] Desktop path: C:\Users\admin\Desktop
[Sun 04/19/2026 15:16:58.39] Recent crash events (Application log):
[Sun 04/19/2026 15:21:15.89] ERROR: Middleware process did not start.
[Sun 04/19/2026 15:21:15.90] Middleware stdout (tail):
(missing) "C:\Users\admin\Documents\GitHub\SHABv2\SHAB Attendance System\Client Package\Logs\middleware-stdout.log"
[Sun 04/19/2026 15:21:15.91] Middleware stderr (tail):
(missing) "C:\Users\admin\Documents\GitHub\SHABv2\SHAB Attendance System\Client Package\Logs\middleware-stderr.log"
[Sun 04/19/2026 15:21:15.93] Desktop path: C:\Users\admin\Desktop
[Sun 04/19/2026 15:21:15.93] Recent crash events (Application log):
[Sun 04/19/2026 15:22:46.89] ============================================================
[Sun 04/19/2026 15:22:46.90] SHAB Attendance System - Start Dashboard
[Sun 04/19/2026 15:22:46.91] Version: 2026-04-16
[Sun 04/19/2026 15:22:46.92] Creating desktop shortcuts...
[Sun 04/19/2026 15:22:47.40] Shortcut created: C:\Users\admin\Desktop\SHAB Attendance Dashboard.lnk
[Sun 04/19/2026 15:22:47.41] Launching SHAB Attendance Dashboard...
[Sun 04/19/2026 15:22:47.42] Middleware: WL10Middleware.exe --dashboard --dashboard-port 5099
[Sun 04/19/2026 15:22:47.43] LogFile: C:\Users\admin\Documents\GitHub\SHABv2\SHAB Attendance System\Client Package\Logs\attendance-middleware.log
[Sun 04/19/2026 15:22:47.43] MiddlewareStdout: C:\Users\admin\Documents\GitHub\SHABv2\SHAB Attendance System\Client Package\Logs\middleware-stdout.log
[Sun 04/19/2026 15:22:47.44] MiddlewareStderr: C:\Users\admin\Documents\GitHub\SHABv2\SHAB Attendance System\Client Package\Logs\middleware-stderr.log
[Sun 04/19/2026 15:22:47.45] ERROR: Middleware process did not start.
[Sun 04/19/2026 15:22:47.45] Middleware stdout (tail):
(missing) "C:\Users\admin\Documents\GitHub\SHABv2\SHAB Attendance System\Client Package\Logs\middleware-stdout.log"
[Sun 04/19/2026 15:22:47.46] Middleware stderr (tail):
(missing) "C:\Users\admin\Documents\GitHub\SHABv2\SHAB Attendance System\Client Package\Logs\middleware-stderr.log"
[Sun 04/19/2026 15:22:47.48] Desktop path: C:\Users\admin\Desktop
[Sun 04/19/2026 15:22:47.48] Recent crash events (Application log):
[Sun 04/19/2026 15:32:28.25] ERROR: Middleware process did not start.
[Sun 04/19/2026 15:32:28.25] Middleware stdout (tail):
(missing) "C:\Users\admin\Documents\GitHub\SHABv2\SHAB Attendance System\Client Package\Logs\middleware-stdout.log"
[Sun 04/19/2026 15:32:28.29] Middleware stderr (tail):
(missing) "C:\Users\admin\Documents\GitHub\SHABv2\SHAB Attendance System\Client Package\Logs\middleware-stderr.log"
[Sun 04/19/2026 15:32:28.31] Desktop path: C:\Users\admin\Desktop
[Sun 04/19/2026 15:32:28.32] Recent crash events (Application log):
INFO: No tasks are running which match the specified criteria.
[Sun 04/19/2026 15:32:29.24] Desktop path: C:\Users\admin\Desktop
[Sun 04/19/2026 15:32:29.25] HTTP probe:
[Sun 04/19/2026 15:32:29.26] Recent crash events (Application log):
^C[Sun 04/19/2026 15:32:33.86] Middleware stdout (tail):
(missing) "C:\Users\admin\Documents\GitHub\SHABv2\SHAB Attendance System\Client Package\Logs\middleware-stdout.log"
[Sun 04/19/2026 15:32:33.88] Middleware stderr (tail):
(missing) "C:\Users\admin\Documents\GitHub\SHABv2\SHAB Attendance System\Client Package\Logs\middleware-stderr.log"
[Sun 04/19/2026 15:32:33.99] OS_VER: Windows_NT (ver: 2)

Microsoft Windows [Version 10.0.19045.5965]
^C[Sun 04/19/2026 15:32:36.46] LogFile: C:\Users\admin\Documents\GitHub\SHABv2\SHAB Attendance System\Client Package\Logs\attendance-middleware.log
[Sun 04/19/2026 15:32:36.47] MiddlewareStdout: C:\Users\admin\Documents\GitHub\SHABv2\SHAB Attendance System\Client Package\Logs\middleware-stdout.log
[Sun 04/19/2026 15:32:36.47] MiddlewareStderr: C:\Users\admin\Documents\GitHub\SHABv2\SHAB Attendance System\Client Package\Logs\middleware-stderr.log
[Sun 04/19/2026 15:32:38.25] Middleware not found in tasklist after initial start attempt.
[Sun 04/19/2026 15:32:38.26] Restart requested. Stopping existing middleware...
[Sun 04/19/2026 15:32:43.67] Requesting Administrator access for SDK install...
[Sun 04/19/2026 15:32:45.88] ============================================================
[Sun 04/19/2026 15:32:45.89] SHAB Attendance System - Start Dashboard
[Sun 04/19/2026 15:32:45.90] Version: 2026-04-16
[Sun 04/19/2026 15:32:45.91] Creating desktop shortcuts...
[Sun 04/19/2026 15:32:46.44] Middleware exited (console mode). ExitCode=9009
[Sun 04/19/2026 15:32:57.96] Middleware: WL10Middleware.exe --dashboard --dashboard-port 5099
[Sun 04/19/2026 15:32:57.97] LogFile: C:\Users\admin\Documents\GitHub\SHABv2\SHAB Attendance System\Client Package\Logs\attendance-middleware.log
[Sun 04/19/2026 15:32:57.97] MiddlewareStdout: C:\Users\admin\Documents\GitHub\SHABv2\SHAB Attendance System\Client Package\Logs\middleware-stdout.log
[Sun 04/19/2026 15:32:57.98] MiddlewareStderr: C:\Users\admin\Documents\GitHub\SHABv2\SHAB Attendance System\Client Package\Logs\middleware-stderr.log
[Sun 04/19/2026 15:33:00.26] Middleware not found in tasklist after initial start attempt.
[Sun 04/19/2026 15:33:00.27] ERROR: Middleware process did not start.
[Sun 04/19/2026 15:33:00.28] Middleware stdout (tail):
(missing) "C:\Users\admin\Documents\GitHub\SHABv2\SHAB Attendance System\Client Package\Logs\middleware-stdout.log"
[Sun 04/19/2026 15:33:00.29] Middleware stderr (tail):
(missing) "C:\Users\admin\Documents\GitHub\SHABv2\SHAB Attendance System\Client Package\Logs\middleware-stderr.log"
[Sun 04/19/2026 15:33:00.30] Desktop path: C:\Users\admin\Desktop
[Sun 04/19/2026 15:33:00.31] Recent crash events (Application log):
[Sun 04/19/2026 15:34:34.37] ============================================================
[Sun 04/19/2026 15:34:34.38] SHAB Attendance System - Start Dashboard
[Sun 04/19/2026 15:34:34.38] Version: 2026-04-16
[Sun 04/19/2026 15:34:34.39] Root: C:\Users\admin\Documents\GitHub\SHABv2\SHAB Attendance System\Client Package\
[Sun 04/19/2026 15:34:34.40] AppDir: C:\Users\admin\Documents\GitHub\SHABv2\SHAB Attendance System\Client Package\App\win-x86
[Sun 04/19/2026 15:34:34.40] User: admin
[Sun 04/19/2026 15:34:34.41] Machine: OLV51-LIDDESK
[Sun 04/19/2026 15:34:34.42] RunMode: background
[Sun 04/19/2026 15:34:34.43] ============================================================
[Sun 04/19/2026 15:34:34.43] OS_VER: Windows_NT (ver: 2)

Microsoft Windows [Version 10.0.19045.5965]
PSVersion=5.1.19041.5965
Is64BitOS=True
Is64BitProc=True
OSVersion=Microsoft Windows NT 10.0.19045.0
[Sun 04/19/2026 15:34:34.75] Checking if dashboard is already running (port 5099)...
(missing) "C:\Users\admin\Documents\GitHub\SHABv2\SHAB Attendance System\Client Package\Logs\middleware-stderr.log"
[Sun 04/19/2026 15:34:34.78] Desktop path:
[Sun 04/19/2026 15:34:34.78] Recent crash events (Application log):
[Sun 04/19/2026 15:36:22.91] ============================================================
[Sun 04/19/2026 15:36:22.91] SHAB Attendance System - Start Dashboard
[Sun 04/19/2026 15:36:22.92] Version: 2026-04-16
[Sun 04/19/2026 15:36:22.93] Root: C:\Users\admin\Documents\GitHub\SHABv2\SHAB Attendance System\Client Package\
[Sun 04/19/2026 15:36:22.93] AppDir: C:\Users\admin\Documents\GitHub\SHABv2\SHAB Attendance System\Client Package\App\win-x86
[Sun 04/19/2026 15:36:22.94] User: admin
[Sun 04/19/2026 15:36:22.94] Machine: OLV51-LIDDESK
[Sun 04/19/2026 15:36:22.95] RunMode: background
[Sun 04/19/2026 15:36:22.96] ============================================================
[Sun 04/19/2026 15:36:22.96] OS_VER: Windows_NT (ver: 2)

Microsoft Windows [Version 10.0.19045.5965]
PSVersion=5.1.19041.5965
Is64BitOS=True
Is64BitProc=True
OSVersion=Microsoft Windows NT 10.0.19045.0
[Sun 04/19/2026 15:36:23.28] Checking if dashboard is already running (port 5099)...
(missing) "C:\Users\admin\Documents\GitHub\SHABv2\SHAB Attendance System\Client Package\Logs\middleware-stderr.log"
[Sun 04/19/2026 15:36:23.31] Desktop path: C:\Users\admin\Desktop
[Sun 04/19/2026 15:36:23.31] Recent crash events (Application log):
[Sun 04/19/2026 15:53:19.60] ============================================================
[Sun 04/19/2026 15:53:19.61] SHAB Attendance System - Start Dashboard
[Sun 04/19/2026 15:53:19.61] Version: 2026-04-16
[Sun 04/19/2026 15:53:19.62] Root: C:\Users\admin\Documents\GitHub\SHABv2\SHAB Attendance System\Client Package\
[Sun 04/19/2026 15:53:19.63] AppDir: C:\Users\admin\Documents\GitHub\SHABv2\SHAB Attendance System\Client Package\App\win-x86
[Sun 04/19/2026 15:53:19.63] User: admin
[Sun 04/19/2026 15:53:19.64] Machine: OLV51-LIDDESK
[Sun 04/19/2026 15:53:19.64] RunMode: background
[Sun 04/19/2026 15:53:19.65] ============================================================
[Sun 04/19/2026 15:53:19.66] OS_VER: Windows_NT (ver: 2)

Microsoft Windows [Version 10.0.19045.5965]
PSVersion=5.1.19041.5965
Is64BitOS=True
Is64BitProc=True
OSVersion=Microsoft Windows NT 10.0.19045.0
[Sun 04/19/2026 15:53:19.98] Checking if dashboard is already running (port 5099)...
[Sun 04/19/2026 15:53:19.98] Restart requested. Stopping existing middleware...
[Sun 04/19/2026 15:53:28.66] Requesting Administrator access for SDK install...
[Sun 04/19/2026 15:53:32.10] ============================================================
[Sun 04/19/2026 15:53:32.11] SHAB Attendance System - Start Dashboard
[Sun 04/19/2026 15:53:32.11] Version: 2026-04-16
[Sun 04/19/2026 15:53:32.12] Root: C:\Users\admin\Documents\GitHub\SHABv2\SHAB Attendance System\Client Package\
[Sun 04/19/2026 15:53:32.12] AppDir: C:\Users\admin\Documents\GitHub\SHABv2\SHAB Attendance System\Client Package\App\win-x86
[Sun 04/19/2026 15:53:32.13] User: admin
[Sun 04/19/2026 15:53:32.13] Machine: OLV51-LIDDESK
[Sun 04/19/2026 15:53:32.14] RunMode: background
[Sun 04/19/2026 15:53:32.14] ============================================================
[Sun 04/19/2026 15:53:32.15] OS_VER: Windows_NT (ver: 2)

Microsoft Windows [Version 10.0.19045.5965]
PSVersion=5.1.19041.5965
Is64BitOS=True
Is64BitProc=True
OSVersion=Microsoft Windows NT 10.0.19045.0
[Sun 04/19/2026 15:53:32.48] Checking if dashboard is already running (port 5099)...
[Sun 04/19/2026 15:53:39.98] Recent crash events (Application log):
(missing) "C:\Users\admin\Documents\GitHub\SHABv2\SHAB Attendance System\Client Package\Logs\middleware-stdout.log"
[Sat 04/25/2026  3:34:33.18] Middleware stderr (tail):
(missing) "C:\Users\admin\Documents\GitHub\SHABv2\SHAB Attendance System\Client Package\Logs\middleware-stderr.log"
[Sat 04/25/2026  3:34:33.21] Desktop path: C:\Users\admin\Desktop
[Sat 04/25/2026  3:34:33.21] Recent crash events (Application log):
[Sat 04/25/2026  3:34:51.38] SHAB Attendance System - Start Dashboard
[Sat 04/25/2026  3:34:51.39] Version: 2026-04-16
[Sat 04/25/2026  3:34:51.40] Root: C:\Users\admin\Documents\GitHub\SHABv2\SHAB Attendance System\Client Package\
[Sat 04/25/2026  3:34:51.41] AppDir: C:\Users\admin\Documents\GitHub\SHABv2\SHAB Attendance System\Client Package\App\win-x86
[Sat 04/25/2026  3:34:51.46] Tasklist for WL10Middleware.exe:
INFO: No tasks are running which match the specified criteria.
[Sat 04/25/2026  3:34:51.59] Desktop path: C:\Users\admin\Desktop
[Sat 04/25/2026  3:34:51.60] HTTP probe:
HTTP_ERROR System.Net.WebException The operation has timed out.
[Sat 04/25/2026  3:34:54.29] Recent crash events (Application log):
[Sat 04/25/2026  3:34:54.58] Middleware stdout (tail):
(missing) "C:\Users\admin\Documents\GitHub\SHABv2\SHAB Attendance System\Client Package\Logs\middleware-stdout.log"
[Sat 04/25/2026  3:34:54.61] Middleware stderr (tail):
(missing) "C:\Users\admin\Documents\GitHub\SHABv2\SHAB Attendance System\Client Package\Logs\middleware-stderr.log"
[Sat 04/25/2026  3:35:03.18] Machine: OLV51-LIDDESK
[Sat 04/25/2026  3:35:03.18] RunMode: background
[Sat 04/25/2026  3:35:03.20] ============================================================
[Sat 04/25/2026  3:35:03.21] OS_VER: Windows_NT (ver: 2)

Microsoft Windows [Version 10.0.19045.5965]
PSVersion=5.1.19041.5965
Is64BitOS=True
Is64BitProc=True
OSVersion=Microsoft Windows NT 10.0.19045.0
[Sat 04/25/2026  3:35:03.55] Checking if dashboard is already running (port 5099)...
[Sat 04/25/2026  4:34:02.18] ============================================================
[Sat 04/25/2026  4:34:02.18] SHAB Attendance System - Start Dashboard
[Sat 04/25/2026  4:34:02.19] Version: 2026-04-16
[Sat 04/25/2026  4:34:02.21] Root: C:\Users\USER\Documents\GitHub\SHABv2\SHAB Attendance System\Client Package\
[Sat 04/25/2026  4:34:02.22] AppDir: C:\Users\USER\Documents\GitHub\SHABv2\SHAB Attendance System\Client Package\App\win-x86
[Sat 04/25/2026  4:34:02.22] User: USER
[Sat 04/25/2026  4:34:02.24] Machine: DESKTOP-KKLQT7L
[Sat 04/25/2026  4:34:02.26] RunMode: background
[Sat 04/25/2026  4:34:02.27] ============================================================
[Sat 04/25/2026  4:34:02.29] OS_VER: Windows_NT (ver: 2)

Microsoft Windows [Version 10.0.19045.6466]
PSVersion=5.1.19041.6456
Is64BitOS=True
Is64BitProc=True
OSVersion=Microsoft Windows NT 10.0.19045.0
[Sat 04/25/2026  4:34:03.93] Checking if dashboard is already running (port 5099)...
[Sat 04/25/2026  4:34:13.23] Requesting Administrator access for SDK install...
[Sat 04/25/2026  4:34:17.12] ============================================================
[Sat 04/25/2026  4:34:17.12] SHAB Attendance System - Start Dashboard
[Sat 04/25/2026  4:34:17.14] Version: 2026-04-16
[Sat 04/25/2026  4:34:17.14] Root: C:\Users\USER\Documents\GitHub\SHABv2\SHAB Attendance System\Client Package\
[Sat 04/25/2026  4:34:17.16] AppDir: C:\Users\USER\Documents\GitHub\SHABv2\SHAB Attendance System\Client Package\App\win-x86
[Sat 04/25/2026  4:34:17.17] User: USER
[Sat 04/25/2026  4:34:17.17] Machine: DESKTOP-KKLQT7L
[Sat 04/25/2026  4:34:17.19] RunMode: background
[Sat 04/25/2026  4:34:17.20] ============================================================
[Sat 04/25/2026  4:34:17.22] OS_VER: Windows_NT (ver: 2)

Microsoft Windows [Version 10.0.19045.6466]
PSVersion=5.1.19041.6456
Is64BitOS=True
Is64BitProc=True
OSVersion=Microsoft Windows NT 10.0.19045.0
[Sat 04/25/2026  4:34:17.45] Checking if dashboard is already running (port 5099)...
[Sat 04/25/2026  4:34:24.45] ZKTeco SDK not detected. Installing now - requires Administrator...
[Sat 04/25/2026  4:34:29.85] ZKTeco SDK detected (or dll present).
[Sat 04/25/2026  4:34:29.87] Preparing app files and security settings...
Security prep app path: C:\Users\USER\Documents\GitHub\SHABv2\SHAB Attendance System\Client Package\App\win-x86
Unblocked files: 339
IsAdmin: True
Defender exclusion attempted.
[Sat 04/25/2026  4:34:32.52] WL10_STATE_PATH=C:\Users\USER\Documents\GitHub\SHABv2\SHAB Attendance System\Client Package\Data\state.json
[Sat 04/25/2026  4:34:32.55] WL10_ATTLOG_EXPORT_PATH=C:\Users\USER\Documents\GitHub\SHABv2\SHAB Attendance System\Client Package\Reference\1_attlog.dat
[Sat 04/25/2026  4:34:32.58] WL10_ATTLOG_FILE_PATH=C:\Users\USER\Documents\GitHub\SHABv2\SHAB Attendance System\Client Package\Reference\1_attlog.dat
[Sat 04/25/2026  4:34:32.58] Dotnet check OK (or self-contained runtime detected).
[Sat 04/25/2026  4:34:32.60] Creating desktop shortcuts...
[Sat 04/25/2026  4:34:33.15] Shortcut created: C:\Users\USER\Desktop\SHAB Attendance Dashboard.lnk
[Sat 04/25/2026  4:34:33.17] Launching SHAB Attendance Dashboard...
[Sat 04/25/2026  4:34:33.17] Middleware: WL10Middleware.exe --dashboard --dashboard-port 5099
[Sat 04/25/2026  4:34:33.20] LogFile: C:\Users\USER\Documents\GitHub\SHABv2\SHAB Attendance System\Client Package\Logs\attendance-middleware.log
[Sat 04/25/2026  4:34:33.22] MiddlewareStdout: C:\Users\USER\Documents\GitHub\SHABv2\SHAB Attendance System\Client Package\Logs\middleware-stdout.log
[Sat 04/25/2026  4:34:33.22] MiddlewareStderr: C:\Users\USER\Documents\GitHub\SHABv2\SHAB Attendance System\Client Package\Logs\middleware-stderr.log
[Sat 04/25/2026  4:34:33.23] Starting middleware in background...
[Sat 04/25/2026  4:34:33.25] Waiting for dashboard to be ready (port 5099)...
[Sat 04/25/2026  4:34:33.25] Waiting... (up to 180 seconds)
[Sat 04/25/2026  5:44:30.98] ============================================================
[Sat 04/25/2026  5:44:31.20] Port status:
[Sat 04/25/2026  5:44:31.24] Tasklist for middleware:
INFO: No tasks are running which match the specified criteria.
INFO: No tasks are running which match the specified criteria.
[Sat 04/25/2026  5:44:31.43] Desktop path: C:\Users\admin\Desktop
[Sat 04/25/2026  5:44:31.45] HTTP probe:
HTTP_ERROR System.Net.WebException The operation has timed out.
[Sat 04/25/2026  5:44:33.87] Recent crash events (Application log):
[Sat 04/25/2026  5:44:34.16] Middleware stdout (tail):
[Sat 04/25/2026  5:44:34.59] Middleware stderr (tail):
[Sat 04/25/2026  5:44:55.24] Version: 2026-04-16
[Sat 04/25/2026  5:44:55.24] Root: C:\Users\admin\Documents\GitHub\SHABv2\SHAB Attendance System\Client Package\
PSVersion=5.1.19041.5965
Is64BitOS=True
Is64BitProc=True
OSVersion=Microsoft Windows NT 10.0.19045.0
[Sat 04/25/2026  5:44:55.57] LogFile: C:\Users\admin\Documents\GitHub\SHABv2\SHAB Attendance System\Client Package\Logs\attendance-middleware.log
[Sat 04/25/2026  5:44:55.57] MiddlewareStdout: C:\Users\admin\Documents\GitHub\SHABv2\SHAB Attendance System\Client Package\Logs\middleware-stdout.log
[Sat 04/25/2026  5:44:55.62] Tasklist for middleware:
INFO: No tasks are running which match the specified criteria.
INFO: No tasks are running which match the specified criteria.
[Sat 04/25/2026  5:44:55.82] Desktop path: C:\Users\admin\Desktop
[Sat 04/25/2026  5:44:55.84] HTTP probe:
HTTP_ERROR System.Net.WebException The operation has timed out.
[Sat 04/25/2026  5:44:58.26] Recent crash events (Application log):
[Sat 04/25/2026  5:44:58.53] Middleware stdout (tail):
[Sat 04/25/2026  5:44:58.87] Middleware stderr (tail):
[Sat 04/25/2026  5:45:08.79] ERROR: Middleware process did not start.
[Sat 04/25/2026  5:45:08.80] Middleware stdout (tail):
[Sat 04/25/2026  5:45:09.08] Middleware stderr (tail):
[Sat 04/25/2026  5:45:09.36] Desktop path: C:\Users\admin\Desktop
[Sat 04/25/2026  5:45:09.37] Recent crash events (Application log):
Start-Process : This command cannot be run due to the error: Access is denied.
At line:1 char:4
+ $p=Start-Process -WindowStyle Minimized -WorkingDirectory 'C:\Users\a ...
+    ~~~~~~~~~~~~~~~~~~~~~~~~~~~~~~~~~~~~~~~~~~~~~~~~~~~~~~~~~~~~~~~~~~
    + CategoryInfo          : InvalidOperation: (:) [Start-Process], InvalidOperationException
    + FullyQualifiedErrorId : InvalidOperationException,Microsoft.PowerShell.Commands.StartProcessCommand
 
[Sat 04/25/2026  5:45:21.53] Waiting for dashboard to be ready (port 5099)...
[Sat 04/25/2026  5:45:21.55] Waiting... (up to 180 seconds)
[Sat 04/25/2026  5:58:43.01] ============================================================
[Sat 04/25/2026  5:58:43.02] SHAB Attendance System - Start Dashboard
[Sat 04/25/2026  5:58:43.05] ERROR: Middleware process did not start.
[Sat 04/25/2026  5:58:43.06] Security blocks (Defender/AppLocker):
[Sat 04/25/2026  5:58:43.27] Middleware stdout (tail):
[Sat 04/25/2026  5:58:43.54] Middleware stderr (tail):
[Sat 04/25/2026  5:58:43.81] Desktop path: C:\Users\admin\Desktop
[Sat 04/25/2026  5:58:43.81] Recent crash events (Application log):
[Sat 04/25/2026  5:58:51.24] Root: C:\Users\admin\Documents\GitHub\SHABv2\SHAB Attendance System\Client Package\
[Sat 04/25/2026  5:58:51.25] AppDir: C:\Users\admin\Documents\GitHub\SHABv2\SHAB Attendance System\Client Package\App\win-x86
[Sat 04/25/2026  5:58:51.27] LogFile: C:\Users\admin\Documents\GitHub\SHABv2\SHAB Attendance System\Client Package\Logs\attendance-middleware.log
[Sat 04/25/2026  5:58:51.28] MiddlewareStdout: C:\Users\admin\Documents\GitHub\SHABv2\SHAB Attendance System\Client Package\Logs\middleware-stdout.log
[Sat 04/25/2026  5:58:51.30] MiddlewareStderr: C:\Users\admin\Documents\GitHub\SHABv2\SHAB Attendance System\Client Package\Logs\middleware-stderr.log
[Sat 04/25/2026  5:58:51.33] Starting middleware in background...
[Sat 04/25/2026  5:58:51.34] Launch attempt 1: PowerShell Start-Process with stdout/stderr redirect (Logs or TEMP
Start-Process failed: This command cannot be run due to the error: Access is denied.
[Sat 04/25/2026  5:58:51.81] Middleware stdout (tail):
[Sat 04/25/2026  5:58:52.07] Middleware stderr (tail):
[Sat 04/25/2026  5:58:52.33] Desktop path: C:\Users\admin\Desktop
[Sat 04/25/2026  5:58:52.34] Recent crash events (Application log):
[Sat 04/25/2026  9:13:46.90] ============================================================
[Sat 04/25/2026  9:13:46.91] SHAB Attendance System - Start Dashboard
[Sat 04/25/2026  9:13:46.93] Version: 2026-04-16
[Sat 04/25/2026  9:13:47.24] AppDir: C:\Users\admin\Documents\GitHub\SHABv2\SHAB Attendance System\Client Package\App\win-x86
[Sat 04/25/2026  9:13:47.25] User: admin
[Sat 04/25/2026  9:13:47.55] Middleware stdout (tail):
[Sat 04/25/2026  9:13:47.96] Middleware stderr (tail):
[Sat 04/25/2026  9:14:10.21] RunMode: background
[Sat 04/25/2026  9:14:14.43] ZKTeco SDK detected (or dll present).
[Sat 04/25/2026  9:14:14.44] Preparing app files and security settings...
Security prep app path: C:\Users\admin\Documents\GitHub\SHABv2\SHAB Attendance System\Client Package\App\win-x86
ControlledFolderAccess=0
ZoneIdentifierFiles=0
Unblocked files: 16
IsAdmin: False
Defender exclusion skipped (not admin).
[Sat 04/25/2026  9:14:15.54] Starting middleware in background...
[Sat 04/25/2026  9:14:15.55] Launch attempt 1: PowerShell Start-Process with stdout/stderr redirect (Logs or TEMP
Start-Process failed: This command cannot be run due to the error: Access is denied.
Start-Process failed: This command cannot be run due to the error: Access is denied.
[Sat 04/25/2026  9:14:16.30] Launch attempt 3: PowerShell Start-Process without redirect
Start-Process failed: This command cannot be run completely because the system cannot find all the information required.
[Sat 04/25/2026  9:14:16.79] Launch attempt 4: cmd start with stdout/stderr redirect (TEMP
[Sat 04/25/2026  9:14:16.82] Waiting for dashboard to be ready (port 5099)...
[Sat 04/25/2026 17:58:59.42] ============================================================
[Sat 04/25/2026 17:58:59.42] SHAB Attendance System - Start Dashboard
[Sat 04/25/2026 17:58:59.45] Version: 2026-04-16
[Sat 04/25/2026 17:58:59.74] AppDir: C:\Users\admin\Documents\GitHub\SHABv2\SHAB Attendance System\Client Package\App\win-x86
[Sat 04/25/2026 17:58:59.75] User: admin
[Sat 04/25/2026 17:59:00.04] Middleware stdout (tail):
[Sat 04/25/2026 17:59:00.53] Middleware stderr (tail):
[Sat 04/25/2026 17:59:27.43] RunMode: background
[Sat 04/25/2026 17:59:29.76] ZKTeco SDK detected (or dll present).
[Sat 04/25/2026 17:59:29.76] Preparing app files and security settings...
Security prep app path: C:\Users\admin\Documents\GitHub\SHABv2\SHAB Attendance System\Client Package\App\win-x86
ControlledFolderAccess=0
ZoneIdentifierFiles=0
Unblocked files: 16
IsAdmin: True
Defender exclusion attempted.
[Sat 04/25/2026 17:59:31.11] Starting middleware in background...
[Sat 04/25/2026 17:59:31.12] Launch attempt 1: PowerShell Start-Process with stdout/stderr redirect (Logs or TEMP
Start-Process failed: This command cannot be run due to the error: Access is denied.
Start-Process failed: This command cannot be run due to the error: Access is denied.
[Sat 04/25/2026 17:59:31.81] Launch attempt 3: PowerShell Start-Process without redirect
Start-Process failed: This command cannot be run completely because the system cannot find all the information required.
[Sat 04/25/2026 17:59:32.20] Launch attempt 4: cmd start with stdout/stderr redirect (TEMP
[Sat 04/25/2026 17:59:32.24] Waiting for dashboard to be ready (port 5099)...
[Sat 04/25/2026 18:01:10.52] ============================================================
[Sat 04/25/2026 18:01:10.52] SHAB Attendance System - Start Dashboard
[Sat 04/25/2026 18:01:10.55] Version: 2026-04-16
[Sat 04/25/2026 18:01:10.87] AppDir: C:\Users\admin\Documents\GitHub\SHABv2\SHAB Attendance System\Client Package\App\win-x86
[Sat 04/25/2026 18:01:10.87] User: admin
[Sat 04/25/2026 18:01:11.28] Middleware stdout (tail):
[Sat 04/25/2026 18:01:11.67] Middleware stderr (tail):
[Sat 04/25/2026 18:01:17.55] RunMode: background
[Sat 04/25/2026 18:01:19.92] ZKTeco SDK detected (or dll present).
[Sat 04/25/2026 18:01:19.93] Preparing app files and security settings...
Security prep app path: C:\Users\admin\Documents\GitHub\SHABv2\SHAB Attendance System\Client Package\App\win-x86
ControlledFolderAccess=0
ZoneIdentifierFiles=0
Unblocked files: 16
IsAdmin: True
Defender exclusion attempted.
[Sat 04/25/2026 18:01:21.01] Starting middleware in background...
[Sat 04/25/2026 18:01:21.02] Launch attempt 1: PowerShell Start-Process with stdout/stderr redirect (Logs or TEMP
Start-Process failed: This command cannot be run due to the error: Access is denied.
Start-Process failed: This command cannot be run due to the error: Access is denied.
[Sat 04/25/2026 18:01:21.68] Launch attempt 3: PowerShell Start-Process without redirect
Start-Process failed: This command cannot be run completely because the system cannot find all the information required.
[Sat 04/25/2026 18:01:22.06] Launch attempt 4: cmd start with stdout/stderr redirect (TEMP
[Sat 04/25/2026 18:01:22.09] Waiting for dashboard to be ready (port 5099)...
[Sat 04/25/2026 18:12:00.30] ============================================================
[Sat 04/25/2026 18:12:00.31] SHAB Attendance System - Start Dashboard
[Sat 04/25/2026 18:12:00.34] Version: 2026-04-16
[Sat 04/25/2026 18:12:00.36] Using stderr log: C:\Users\admin\Documents\GitHub\SHABv2\SHAB Attendance System\Client Package\Logs\middleware-stderr.log
Start-Process failed: System.InvalidOperationException HResult=-2146233079 This command cannot be run due to the error: Access is denied.
[Sat 04/25/2026 18:12:00.73] Launch attempt 3: PowerShell Start-Process without redirect
Start-Process failed: System.InvalidOperationException HResult=-2146233079 This command cannot be run completely because the system cannot find all the information required.
[Sat 04/25/2026 18:12:01.14] Launch attempt 4: cmd start with stdout/stderr redirect
[Sat 04/25/2026 18:12:01.17] Waiting for dashboard to be ready (port 5099)...
[Sat 04/25/2026 18:12:20.10] ============================================================
[Sat 04/25/2026 18:12:20.11] SHAB Attendance System - Start Dashboard
[Sat 04/25/2026 18:12:20.12] Version: 2026-04-16
[Sat 04/25/2026 18:12:20.14] Using stderr log: C:\Users\admin\Documents\GitHub\SHABv2\SHAB Attendance System\Client Package\Logs\middleware-stderr.log
Start-Process failed: System.InvalidOperationException HResult=-2146233079 This command cannot be run due to the error: Access is denied.
[Sat 04/25/2026 18:12:20.49] Launch attempt 3: PowerShell Start-Process without redirect
Start-Process failed: System.InvalidOperationException HResult=-2146233079 This command cannot be run completely because the system cannot find all the information required.
[Sat 04/25/2026 18:12:20.98] Launch attempt 4: cmd start with stdout/stderr redirect
[Sat 04/25/2026 18:12:21.01] Waiting for dashboard to be ready (port 5099)...
[Sat 04/25/2026 19:13:35.97] ============================================================
[Sat 04/25/2026 19:13:35.97] SHAB Attendance System - Start Dashboard
[Sat 04/25/2026 19:13:36.01] Version: 2026-04-16
[Sat 04/25/2026 19:13:36.03] Using stderr log: C:\Users\admin\Documents\GitHub\SHABv2\SHAB Attendance System\Client Package\Logs\middleware-stderr.log
Start-Process failed: System.InvalidOperationException HResult=-2146233079 This command cannot be run due to the error: Access is denied.
[Sat 04/25/2026 19:13:36.45] Launch attempt 3: PowerShell Start-Process without redirect
Start-Process failed: System.InvalidOperationException HResult=-2146233079 This command cannot be run completely because the system cannot find all the information required.
[Sat 04/25/2026 19:13:37.01] Launch attempt 4: cmd start with stdout/stderr redirect
[Sat 04/25/2026 19:13:37.05] Waiting for dashboard to be ready (port 5099)...
[Sun 04/26/2026 19:26:42.84] ============================================================
[Sun 04/26/2026 19:26:42.87] SHAB Attendance System - Start Dashboard
[Sun 04/26/2026 19:26:42.88] Version: 2026-04-16
[Sun 04/26/2026 19:26:42.90] Using stderr log: C:\Users\admin\Documents\GitHub\SHABv2\SHAB Attendance System\Client Package\Logs\middleware-stderr.log
Start-Process failed: System.InvalidOperationException HResult=-2146233079 This command cannot be run due to the error: Access is denied.
[Sun 04/26/2026 19:26:43.29] Launch attempt 3: PowerShell Start-Process without redirect
Start-Process failed: System.InvalidOperationException HResult=-2146233079 This command cannot be run completely because the system cannot find all the information required.
[Sun 04/26/2026 19:26:43.78] Launch attempt 4: cmd start with stdout/stderr redirect
[Sun 04/26/2026 19:28:57.39] ============================================================
[Sun 04/26/2026 19:28:57.40] SHAB Attendance System - Start Dashboard
[Sun 04/26/2026 19:28:57.42] Version: 2026-04-16
[Sun 04/26/2026 19:28:57.44] Using stderr log: C:\Users\admin\Documents\GitHub\SHABv2\SHAB Attendance System\Client Package\Logs\middleware-stderr.log
Start-Process failed: System.InvalidOperationException HResult=-2146233079 This command cannot be run due to the error: Access is denied.
[Sun 04/26/2026 19:28:57.81] Launch attempt 3: PowerShell Start-Process without redirect
Start-Process failed: System.InvalidOperationException HResult=-2146233079 This command cannot be run completely because the system cannot find all the information required.
[Sun 04/26/2026 19:28:58.46] Launch attempt 4: cmd start with stdout/stderr redirect
[Sun 04/26/2026 19:30:32.97] Security blocks (Defender/AppLocker):
[Sun 04/26/2026 19:30:33.16] Middleware stdout (tail):
[Sun 04/26/2026 19:30:33.47] Middleware stderr (tail):
[Sun 04/26/2026 19:30:33.78] Desktop path: C:\Users\admin\Desktop
[Sun 04/26/2026 19:30:33.79] Fallback app dir active: C:\Users\admin\Documents\GitHub\SHABv2\SHAB Attendance System\Client Package\App\win-x86
Security prep app path: C:\Users\admin\Documents\GitHub\SHABv2\SHAB Attendance System\Client Package\App\win-x86
ControlledFolderAccess=0
ZoneIdentifierFiles=0
Unblocked files: 16
IsAdmin: False
Defender exclusion skipped (not admin).
[Sun 04/26/2026 19:32:28.53] Security blocks (Defender/AppLocker):
[Sun 04/26/2026 19:32:28.70] Middleware stdout (tail):
[Sun 04/26/2026 19:32:28.99] Middleware stderr (tail):
[Sun 04/26/2026 19:32:29.31] Desktop path: C:\Users\admin\Desktop
[Sun 04/26/2026 19:32:29.32] Fallback app dir active: C:\Users\admin\Documents\GitHub\SHABv2\SHAB Attendance System\Client Package\App\win-x86
Security prep app path: C:\Users\admin\Documents\GitHub\SHABv2\SHAB Attendance System\Client Package\App\win-x86
ControlledFolderAccess=0
ZoneIdentifierFiles=0
Unblocked files: 16
IsAdmin: False
Defender exclusion skipped (not admin).
[Sun 04/26/2026 19:32:34.51] Middleware stdout (tail):
[Sun 04/26/2026 19:32:34.79] Middleware stderr (tail):
[Sun 04/26/2026 19:32:35.09] Desktop path: C:\Users\admin\Desktop
[Sun 04/26/2026 19:32:35.10] Fallback app dir active: C:\Users\admin\Documents\GitHub\SHABv2\SHAB Attendance System\Client Package\App\win-x86
Security prep app path: C:\Users\admin\Documents\GitHub\SHABv2\SHAB Attendance System\Client Package\App\win-x86
ControlledFolderAccess=0
ZoneIdentifierFiles=0
Unblocked files: 16
IsAdmin: False
Defender exclusion skipped (not admin).
[Sun 04/26/2026 19:32:39.20] Version: 2026-04-16
[Sun 04/26/2026 20:15:42.23] Middleware:  --dashboard --dashboard-port 5099
[Sun 04/26/2026 20:15:42.25] LogFile: C:\Users\admin\Documents\GitHub\SHABv2\SHAB Attendance System\Client Package\Logs\attendance-middleware.log
[Sun 04/26/2026 20:15:42.27] MiddlewareStdout: C:\Users\admin\Documents\GitHub\SHABv2\SHAB Attendance System\Client Package\Logs\middleware-stdout.log
[Sun 04/26/2026 20:15:42.28] MiddlewareStderr: C:\Users\admin\Documents\GitHub\SHABv2\SHAB Attendance System\Client Package\Logs\middleware-stderr.log
[Sun 04/26/2026 20:15:42.50] Using stderr log: C:\Users\admin\Documents\GitHub\SHABv2\SHAB Attendance System\Client Package\Logs\middleware-stderr.log
Start-Process failed: System.InvalidOperationException HResult=-2146233079 This command cannot be run due to the error: Access is denied.
[Sun 04/26/2026 20:15:43.27] Launch attempt 3: PowerShell Start-Process without redirect
Start-Process failed: System.InvalidOperationException HResult=-2146233079 This command cannot be run completely because the system cannot find all the information required.
[Sun 04/26/2026 20:15:44.11] Launch attempt 4: cmd start with stdout/stderr redirect
[Sun 04/26/2026 20:15:44.22] Waiting for dashboard to be ready (port 5099)...
[Sun 04/26/2026 20:15:46.45] Middleware exited immediately after start attempt within 2 seconds.
[Sun 04/26/2026 20:16:12.67] Middleware:  --dashboard --dashboard-port 5099
[Sun 04/26/2026 20:16:12.69] LogFile: C:\Users\admin\Documents\GitHub\SHABv2\SHAB Attendance System\Client Package\Logs\attendance-middleware.log
[Sun 04/26/2026 20:16:12.71] MiddlewareStdout: C:\Users\admin\Documents\GitHub\SHABv2\SHAB Attendance System\Client Package\Logs\middleware-stdout.log
[Sun 04/26/2026 20:16:12.73] MiddlewareStderr: C:\Users\admin\Documents\GitHub\SHABv2\SHAB Attendance System\Client Package\Logs\middleware-stderr.log
[Sun 04/26/2026 20:16:12.93] Running process path: B
Security prep app path: C:\Users\admin\Documents\GitHub\SHABv2\SHAB Attendance System\Client Package\App\win-x86
ControlledFolderAccess=0
ZoneIdentifierFiles=0
Unblocked files: 16
IsAdmin: False
Defender exclusion skipped (not admin).
[Sun 04/26/2026 20:23:04.74] Middleware:  --dashboard --dashboard-port 5099
[Sun 04/26/2026 20:23:04.75] LogFile: C:\Users\admin\Documents\GitHub\SHABv2\SHAB Attendance System\Client Package\Logs\attendance-middleware.log
[Sun 04/26/2026 20:23:05.08] MiddlewareStderr: C:\Users\admin\Documents\GitHub\SHABv2\SHAB Attendance System\Client Package\Logs\middleware-stderr.log
Security prep app path: C:\Users\admin\Documents\GitHub\SHABv2\SHAB Attendance System\Client Package\App\win-x86
ControlledFolderAccess=0
ZoneIdentifierFiles=0
Unblocked files: 16
IsAdmin: False
Defender exclusion skipped (not admin).
Start-Process failed: System.InvalidOperationException HResult=-2146233079 This command cannot be run due to the error: Access is denied.
[Sun 04/26/2026 20:23:07.26] ERROR: Could not create fallback app dir.
Start-Process failed: System.InvalidOperationException HResult=-2146233079 This command cannot be run completely because the system cannot find all the information required.
[Sun 04/26/2026 20:23:08.26] Launch attempt 4: cmd start with stdout/stderr redirect
[Sun 04/26/2026 20:23:08.37] Waiting for dashboard to be ready on port 5099.
INFO: No tasks are running which match the specified criteria.
INFO: No tasks are running which match the specified criteria.
[Sun 04/26/2026 20:28:28.66] Desktop path: C:\Users\admin\Desktop
[Sun 04/26/2026 20:28:28.68] HTTP probe:
HTTP_ERROR System.Net.WebException The operation has timed out.
[Sun 04/26/2026 20:28:31.44] Recent crash events (Application log):
A syntax error occurred at position 79

Failed to open event query.
The specified query is invalid.
[Sun 04/26/2026 20:28:31.54] Middleware stdout (tail):
[Sun 04/26/2026 20:28:32.43] Middleware stderr (tail):
INFO: No tasks are running which match the specified criteria.
INFO: No tasks are running which match the specified criteria.
[Sun 04/26/2026 20:33:05.49] Desktop path: C:\Users\admin\Desktop
[Sun 04/26/2026 20:33:05.51] HTTP probe:
HTTP_ERROR System.Net.WebException The operation has timed out.
[Sun 04/26/2026 20:33:08.19] Recent crash events (Application log):
A syntax error occurred at position 79

Failed to open event query.
The specified query is invalid.
[Sun 04/26/2026 20:33:08.28] Middleware stdout (tail):
[Sun 04/26/2026 20:33:09.19] Middleware stderr (tail):
[Sun 04/26/2026 20:33:09.77] LogFile: C:\Users\admin\Documents\GitHub\SHABv2\SHAB Attendance System\Client Package\Logs\attendance-middleware.log
[Sun 04/26/2026 20:33:09.78] MiddlewareStdout: C:\Users\admin\Documents\GitHub\SHABv2\SHAB Attendance System\Client Package\Logs\middleware-stdout.log
[Sun 04/26/2026 20:33:09.81] MiddlewareStderr: C:\Users\admin\Documents\GitHub\SHABv2\SHAB Attendance System\Client Package\Logs\middleware-stderr.log
[Sun 04/26/2026 20:33:10.01] Using stderr log: C:\Users\admin\Documents\GitHub\SHABv2\SHAB Attendance System\Client Package\Logs\middleware-stderr.log
Start-Process failed: System.InvalidOperationException HResult=-2146233079 This command cannot be run due to the error: Access is denied.
[Sun 04/26/2026 20:33:10.66] ERROR: Middleware EXE not found after relocate.
Start-Process failed: System.InvalidOperationException HResult=-2146233079 This command cannot be run due to the error: The system cannot find the file specified.
[Sun 04/26/2026 20:33:11.30] Launch attempt 4: cmd start with stdout/stderr redirect
[Sun 04/26/2026 20:33:11.41] Waiting for dashboard to be ready on port 5099.
[Sun 04/26/2026 20:36:41.90] Security blocks (Defender/AppLocker):
[Sun 04/26/2026 20:36:41.93] Middleware stdout (tail):
[Sun 04/26/2026 20:36:42.48] Middleware stderr (tail):
[Sun 04/26/2026 20:36:43.03] Desktop path: C:\Users\admin\Desktop
[Sun 04/26/2026 20:36:43.05] Recent crash events (Application log):
A syntax error occurred at position 79

Failed to open event query.
The specified query is invalid.
[Sun 04/26/2026 20:36:43.18] Middleware stdout (tail):
[Sun 04/26/2026 20:36:44.07] Middleware stderr (tail):
[Sun 04/26/2026 20:36:44.61] Desktop path: C:\Users\admin\Desktop
[Sun 04/26/2026 20:36:44.63] Recent crash events (Application log):
A syntax error occurred at position 79

Failed to open event query.
The specified query is invalid.
[Sun 04/26/2026 20:36:44.73] Version: 2026-04-16
[Sun 04/26/2026 20:36:44.75] Root: C:\Users\admin\Documents\GitHub\SHABv2\SHAB Attendance System\Client Package\
[Sun 04/26/2026 20:41:58.16] Fallback target app dir: C:\Program Files (x86)\SHAB Attendance System\App\win-x86
[Sun 04/26/2026 20:41:58.18] ERROR: Could not create fallback app dir.
[Sun 04/26/2026 20:41:58.21] Fallback target app dir: C:\ProgramData\SHAB Attendance System\App\win-x86
[Sun 04/26/2026 20:41:58.23] ERROR: Could not create fallback app dir.
[Sun 04/26/2026 20:41:58.25] ERROR: Relocate failed for all fallback locations.
[Sun 04/26/2026 20:41:58.27] Auto-debug: switching to console mode after start failure.
[Sun 04/26/2026 20:41:58.30] Running middleware in foreground (console mode)...
[Sun 04/26/2026 20:41:58.31] Middleware exited (console mode). ExitCode=9009
A syntax error occurred at position 79

Failed to open event query.
The specified query is invalid.
[Sun 04/26/2026 20:41:58.44] Root: C:\Users\admin\Documents\GitHub\SHABv2\SHAB Attendance System\Client Package\
[Sun 04/26/2026 20:41:58.46] AppDir: C:\Users\admin\Documents\GitHub\SHABv2\SHAB Attendance System\Client Package\App\win-x86
[Sun 04/26/2026 20:41:58.51] LogFile: C:\Users\admin\Documents\GitHub\SHABv2\SHAB Attendance System\Client Package\Logs\attendance-middleware.log
[Sun 04/26/2026 20:41:58.56] Fallback app dir active: C:\Users\admin\Documents\GitHub\SHABv2\SHAB Attendance System\Client Package\App\win-x86
Security prep app path: C:\Users\admin\Documents\GitHub\SHABv2\SHAB Attendance System\Client Package\App\win-x86
ControlledFolderAccess=0
ZoneIdentifierFiles=0
Unblocked files: 16
IsAdmin: False
Defender exclusion skipped (not admin).
[Sun 04/26/2026 20:42:00.60] MiddlewareStderr: C:\Users\admin\Documents\GitHub\SHABv2\SHAB Attendance System\Client Package\Logs\middleware-stderr.log
[Sun 04/26/2026 20:42:00.79] Running middleware in foreground (console mode)...
[Sun 04/26/2026 20:42:00.82] Middleware exited (console mode). ExitCode=9009
A syntax error occurred at position 127

Failed to open event query.
The specified query is invalid.
A syntax error occurred at position 79

Failed to open event query.
The specified query is invalid.
[Sun 04/26/2026 20:42:00.95] Middleware stdout (tail):
[Sun 04/26/2026 20:42:01.50] Middleware stderr (tail):
[Sun 04/26/2026 20:42:02.05] Desktop path: C:\Users\admin\Desktop
[Sun 04/26/2026 20:42:02.07] Recent crash events (Application log):
A syntax error occurred at position 79

Failed to open event query.
The specified query is invalid.
[Sun 04/26/2026 20:42:02.17] RunMode: console
[Sun 04/26/2026 20:42:02.19] ============================================================
[Sun 04/26/2026 20:42:02.21] OS_VER: Windows_NT (ver: 2)

Microsoft Windows [Version 10.0.19045.5965]
PSVersion=5.1.19041.5965
Is64BitOS=True
Is64BitProc=True
OSVersion=Microsoft Windows NT 10.0.19045.0
[Sun 04/26/2026 20:42:03.02] Checking if dashboard is already running (port 5099)...
[Sun 04/26/2026 20:42:03.61] Desktop path: C:\Users\admin\Desktop
[Sun 04/26/2026 20:42:03.63] Recent crash events (Application log):
A syntax error occurred at position 79

Failed to open event query.
The specified query is invalid.
A syntax error occurred at position 127

Failed to open event query.
The specified query is invalid.
A syntax error occurred at position 79

Failed to open event query.
The specified query is invalid.
[Sun 04/26/2026 20:42:03.81] Middleware stdout (tail):
[Sun 04/26/2026 20:42:04.52] Middleware stderr (tail):
[Sun 04/26/2026 20:42:05.07] Desktop path: C:\Users\admin\Desktop
[Sun 04/26/2026 20:42:05.09] Recent crash events (Application log):
A syntax error occurred at position 79

Failed to open event query.
The specified query is invalid.
[Sun 04/26/2026 20:42:14.39] Requesting Administrator access for SDK install...
[Sun 04/26/2026 20:58:08.28] ============================================================
[Sun 04/26/2026 20:58:08.30] SHAB Attendance System - Start Dashboard
[Sun 04/26/2026 20:58:08.32] Version: 2026-04-16
[Sun 04/26/2026 20:58:08.33] Root: C:\Users\admin\Documents\GitHub\SHABv2\SHAB Attendance System\Client Package\
INFO: No tasks are running which match the specified criteria.
INFO: No tasks are running which match the specified criteria.
[Sun 04/26/2026 20:58:08.57] Desktop path: C:\Users\admin\Desktop
[Sun 04/26/2026 20:58:08.58] HTTP probe:
HTTP_ERROR System.Net.WebException The operation has timed out.
[Sun 04/26/2026 20:58:11.23] Recent crash events (Application log):
A syntax error occurred at position 79

Failed to open event query.
The specified query is invalid.
[Sun 04/26/2026 20:58:11.32] Middleware stdout (tail):
[Sun 04/26/2026 20:58:12.18] Middleware stderr (tail):
[Sun 04/26/2026 20:58:12.72] LogFile: C:\Users\admin\Documents\GitHub\SHABv2\SHAB Attendance System\Client Package\Logs\attendance-middleware.log
[Sun 04/26/2026 20:58:12.73] MiddlewareStdout: C:\Users\admin\Documents\GitHub\SHABv2\SHAB Attendance System\Client Package\Logs\middleware-stdout.log
[Sun 04/26/2026 20:58:12.75] MiddlewareStderr: C:\Users\admin\Documents\GitHub\SHABv2\SHAB Attendance System\Client Package\Logs\middleware-stderr.log
[Sun 04/26/2026 20:58:12.95] Using stderr log: C:\Users\admin\Documents\GitHub\SHABv2\SHAB Attendance System\Client Package\Logs\middleware-stderr.log
Start-Process failed: System.InvalidOperationException HResult=-2146233079 This command cannot be run due to the error: Access is denied.
[Sun 04/26/2026 21:22:54.93] ============================================================
[Sun 04/26/2026 21:22:54.95] SHAB Attendance System - Start Dashboard
[Sun 04/26/2026 21:22:54.97] Version: 2026-04-16
[Sun 04/26/2026 21:22:54.99] Root: C:\Users\admin\Documents\GitHub\SHABv2\SHAB Attendance System\Client Package\
INFO: No tasks are running which match the specified criteria.
INFO: No tasks are running which match the specified criteria.
[Sun 04/26/2026 21:22:55.24] Desktop path: C:\Users\admin\Desktop
[Sun 04/26/2026 21:22:55.26] HTTP probe:
HTTP_ERROR System.Net.WebException The operation has timed out.
[Sun 04/26/2026 21:22:57.97] Fallback target app dir: C:\Program Files (x86)\SHAB Attendance System\App\win-x86
[Sun 04/26/2026 21:22:57.99] ERROR: Could not create fallback app dir.
[Sun 04/26/2026 21:22:58.02] Fallback target app dir: C:\ProgramData\SHAB Attendance System\App\win-x86
[Sun 04/26/2026 21:22:58.04] ERROR: Could not create fallback app dir.
[Sun 04/26/2026 21:22:58.06] ERROR: Relocate failed for all fallback locations.
[Sun 04/26/2026 21:22:58.07] Auto-debug: switching to console mode after start failure.
[Sun 04/26/2026 21:22:58.11] Security blocks (Defender/AppLocker):
[Sun 04/26/2026 21:22:58.31] Middleware stdout (tail):
[Sun 04/26/2026 21:22:58.83] Middleware stderr (tail):
[Sun 04/26/2026 21:22:59.37] Desktop path: C:\Users\admin\Desktop
[Sun 04/26/2026 21:22:59.38] Recent crash events (Application log):
[Mon 04/27/2026  0:31:38.88] ============================================================
[Mon 04/27/2026  0:31:38.90] SHAB Attendance System - Start Dashboard
[Mon 04/27/2026  0:31:38.92] Version: 2026-04-16
[Mon 04/27/2026  0:31:38.94] Root: C:\Users\admin\Documents\GitHub\SHABv2\SHAB Attendance System\Client Package\
INFO: No tasks are running which match the specified criteria.
INFO: No tasks are running which match the specified criteria.
[Mon 04/27/2026  0:31:39.18] Desktop path: C:\Users\admin\Desktop
[Mon 04/27/2026  0:31:39.21] HTTP probe:
HTTP_ERROR System.Net.WebException The operation has timed out.
[Mon 04/27/2026  0:31:41.88] Fallback target app dir: C:\Program Files (x86)\SHAB Attendance System\App\win-x86
[Mon 04/27/2026  0:31:41.90] ERROR: Could not create fallback app dir.
[Mon 04/27/2026  0:31:41.93] Fallback target app dir: C:\ProgramData\SHAB Attendance System\App\win-x86
[Mon 04/27/2026  0:31:41.94] Copying app files from: C:\Users\admin\Documents\GitHub\SHABv2\SHAB Attendance System\Client Package\App\win-x86
[Mon 04/27/2026  0:31:41.98] Running process path: B
[Mon 04/27/2026  0:31:42.38] xcopy exit code: 4
[Mon 04/27/2026  0:31:42.39] ERROR: Copy failed.
[Mon 04/27/2026  0:31:42.42] ERROR: Relocate failed for all fallback locations.
[Mon 04/27/2026  0:31:42.43] Auto-debug: switching to console mode after start failure.
[Mon 04/27/2026  0:31:42.47] Security blocks (Defender/AppLocker):
[Mon 04/27/2026  0:31:42.66] Middleware stdout (tail):
[Mon 04/27/2026  0:31:43.18] Middleware stderr (tail):
[Mon 04/27/2026  0:31:43.75] Desktop path: C:\Users\admin\Desktop
[Mon 04/27/2026  0:31:43.77] Recent crash events (Application log):
[Mon 04/27/2026  8:33:16.77] ============================================================
[Mon 04/27/2026  8:33:16.79] SHAB Attendance System - Start Dashboard
[Mon 04/27/2026  8:33:16.81] Version: 2026-04-16
[Mon 04/27/2026  8:33:16.83] Root: C:\Users\admin\Documents\GitHub\SHABv2\SHAB Attendance System\Client Package\
INFO: No tasks are running which match the specified criteria.
INFO: No tasks are running which match the specified criteria.
[Mon 04/27/2026  8:33:17.04] Desktop path: C:\Users\admin\Desktop
[Mon 04/27/2026  8:33:17.06] HTTP probe:
HTTP_ERROR System.Net.WebException The operation has timed out.
[Mon 04/27/2026  8:33:19.82] Fallback target app dir: C:\Program Files (x86)\SHAB Attendance System\App\win-x86
[Mon 04/27/2026  8:33:19.84] ERROR: Could not create fallback app dir.
[Mon 04/27/2026  8:33:19.85] Fallback target app dir: C:\ProgramData\SHAB Attendance System\App\win-x86
[Mon 04/27/2026  8:33:19.86] Copying app files from: C:\Users\admin\Documents\GitHub\SHABv2\SHAB Attendance System\Client Package\App\win-x86
[Mon 04/27/2026  8:33:19.88] Running process path: B
[Mon 04/27/2026  8:33:19.98] xcopy exit code: 0
[Mon 04/27/2026  8:33:19.99] Fallback app dir active: C:\ProgramData\SHAB Attendance System\App\win-x86
Security prep app path: C:\ProgramData\SHAB Attendance System\App\win-x86
ControlledFolderAccess=0
ZoneIdentifierFiles=0
Unblocked files: 16
IsAdmin: False
Defender exclusion skipped (not admin).
[Mon 04/27/2026  8:33:21.80] Launching SHAB Attendance Dashboard...
[Mon 04/27/2026  8:33:21.81] Middleware: SHABMiddleware.exe --dashboard --dashboard-port 5099
[Mon 04/27/2026  8:33:21.83] LogFile: C:\Users\admin\Documents\GitHub\SHABv2\SHAB Attendance System\Client Package\Logs\attendance-middleware.log
[Mon 04/27/2026  8:33:21.84] MiddlewareStdout: C:\Users\admin\Documents\GitHub\SHABv2\SHAB Attendance System\Client Package\Logs\middleware-stdout.log
[Mon 04/27/2026  8:33:21.86] MiddlewareStderr: C:\Users\admin\Documents\GitHub\SHABv2\SHAB Attendance System\Client Package\Logs\middleware-stderr.log
[Mon 04/27/2026  8:33:22.04] Using stderr log: C:\Users\admin\Documents\GitHub\SHABv2\SHAB Attendance System\Client Package\Logs\middleware-stderr.log
Started PID=26228
[Mon 04/27/2026  8:42:13.26] ============================================================
[Mon 04/27/2026  8:42:13.29] SHAB Attendance System - Start Dashboard
[Mon 04/27/2026  8:42:13.31] Version: 2026-04-16
[Mon 04/27/2026  8:42:13.32] Root: C:\Users\admin\Documents\GitHub\SHABv2\SHAB Attendance System\Client Package\
INFO: No tasks are running which match the specified criteria.
INFO: No tasks are running which match the specified criteria.
[Mon 04/27/2026  8:42:13.53] Desktop path: C:\Users\admin\Desktop
[Mon 04/27/2026  8:42:13.54] HTTP probe:
HTTP_ERROR System.Net.WebException The operation has timed out.
[Mon 04/27/2026  8:42:15.94] Fallback target app dir: C:\Program Files (x86)\SHAB Attendance System\App\win-x86
[Mon 04/27/2026  8:42:15.95] Copying app files from: C:\Users\admin\Documents\GitHub\SHABv2\SHAB Attendance System\Client Package\App\win-x86
[Mon 04/27/2026  8:42:15.96] Running process path: B
[Mon 04/27/2026  8:42:16.04] xcopy exit code: 0
[Mon 04/27/2026  8:42:16.05] Fallback app dir active: C:\Program Files (x86)\SHAB Attendance System\App\win-x86
Security prep app path: C:\Program Files (x86)\SHAB Attendance System\App\win-x86
ControlledFolderAccess=0
ZoneIdentifierFiles=0
Unblocked files: 16
IsAdmin: True
Defender exclusion attempted.
[Mon 04/27/2026  8:42:17.15] Launching SHAB Attendance Dashboard...
[Mon 04/27/2026  8:42:17.15] Middleware: SHABMiddleware.exe --dashboard --dashboard-port 5099
[Mon 04/27/2026  8:42:17.17] LogFile: C:\Users\admin\Documents\GitHub\SHABv2\SHAB Attendance System\Client Package\Logs\attendance-middleware.log
[Mon 04/27/2026  8:42:17.19] MiddlewareStdout: C:\Users\admin\Documents\GitHub\SHABv2\SHAB Attendance System\Client Package\Logs\middleware-stdout.log
[Mon 04/27/2026  8:42:17.20] MiddlewareStderr: C:\Users\admin\Documents\GitHub\SHABv2\SHAB Attendance System\Client Package\Logs\middleware-stderr.log
[Mon 04/27/2026  8:42:17.22] Using stderr log: C:\Users\admin\Documents\GitHub\SHABv2\SHAB Attendance System\Client Package\Logs\middleware-stderr.log
Started PID=25016
[Mon 04/27/2026  8:43:16.75] ============================================================
[Mon 04/27/2026  8:43:16.77] SHAB Attendance System - Start Dashboard
[Mon 04/27/2026  8:43:16.79] Version: 2026-04-16
[Mon 04/27/2026  8:43:16.80] Root: C:\Users\admin\Documents\GitHub\SHABv2\SHAB Attendance System\Client Package\
INFO: No tasks are running which match the specified criteria.
INFO: No tasks are running which match the specified criteria.
[Mon 04/27/2026  8:43:17.00] Desktop path: C:\Users\admin\Desktop
[Mon 04/27/2026  8:43:17.01] HTTP probe:
HTTP_ERROR System.Net.WebException The operation has timed out.
[Mon 04/27/2026  8:43:19.42] Fallback target app dir: C:\Program Files (x86)\SHAB Attendance System\App\win-x86
[Mon 04/27/2026  8:43:19.42] Copying app files from: C:\Users\admin\Documents\GitHub\SHABv2\SHAB Attendance System\Client Package\App\win-x86
[Mon 04/27/2026  8:43:19.44] Running process path: B
[Mon 04/27/2026  8:43:19.56] xcopy exit code: 0
[Mon 04/27/2026  8:43:19.57] Fallback app dir active: C:\Program Files (x86)\SHAB Attendance System\App\win-x86
Security prep app path: C:\Program Files (x86)\SHAB Attendance System\App\win-x86
ControlledFolderAccess=0
ZoneIdentifierFiles=0
Unblocked files: 16
IsAdmin: True
Defender exclusion attempted.
[Mon 04/27/2026  8:43:20.74] Launching SHAB Attendance Dashboard...
[Mon 04/27/2026  8:43:20.75] Middleware: SHABMiddleware.exe --dashboard --dashboard-port 5099
[Mon 04/27/2026  8:43:20.76] LogFile: C:\Users\admin\Documents\GitHub\SHABv2\SHAB Attendance System\Client Package\Logs\attendance-middleware.log
[Mon 04/27/2026  8:43:20.78] MiddlewareStdout: C:\Users\admin\Documents\GitHub\SHABv2\SHAB Attendance System\Client Package\Logs\middleware-stdout.log
[Mon 04/27/2026  8:43:20.79] MiddlewareStderr: C:\Users\admin\Documents\GitHub\SHABv2\SHAB Attendance System\Client Package\Logs\middleware-stderr.log
[Mon 04/27/2026  8:43:20.82] Using stderr log: C:\Users\admin\Documents\GitHub\SHABv2\SHAB Attendance System\Client Package\Logs\middleware-stderr.log
Started PID=18620
