[Sun 04/19/2026  3:55:16.31] ============================================================
[Sun 04/19/2026  3:55:16.32] SHAB Attendance System - Start Dashboard
[Sun 04/19/2026  3:55:16.33] Version: 2026-04-16
[Sun 04/19/2026  3:55:16.34] Root: C:\Users\admin\Documents\GitHub\SHABv2\
[Sun 04/19/2026  3:55:16.35] AppDir: C:\Users\admin\Documents\GitHub\SHABv2\App\win-x86
[Sun 04/19/2026  3:55:16.36] ERROR: Middleware process did not start.
[Sun 04/19/2026  3:55:16.37] Middleware stdout (tail):
[Sun 04/19/2026  4:10:49.58] ============================================================
[Sun 04/19/2026  4:10:49.59] SHAB Attendance System - Start Dashboard
[Sun 04/19/2026  4:10:49.60] Version: 2026-04-16
[Sun 04/19/2026  4:10:49.61] Root: C:\Users\admin\Documents\GitHub\SHABv2\
[Sun 04/19/2026  4:10:49.62] AppDir: C:\Users\admin\Documents\GitHub\SHABv2\App\win-x86
(missing) "C:\Users\admin\Documents\GitHub\SHABv2\Logs\middleware-stderr.log"
[Sun 04/19/2026 11:58:32.06] ============================================================
[Sun 04/19/2026 11:58:32.06] SHAB Attendance System - Start Dashboard
[Sun 04/19/2026 11:58:32.08] Version: 2026-04-16
[Sun 04/19/2026 11:58:32.09] Root: C:\Users\admin\Documents\GitHub\SHABv2\
[Sun 04/19/2026 11:58:32.10] AppDir: C:\Users\admin\Documents\GitHub\SHABv2\App\win-x86
[Sun 04/19/2026 11:58:32.11] User: admin
[Sun 04/19/2026 11:58:32.52] Dashboard reachable. Opening browser: http://127.0.0.1:5099/login
[Sun 04/19/2026 11:58:33.95] Done.
[Sun 04/19/2026 11:58:33.96] RunMode: console
[Sun 04/19/2026 11:58:33.97] ============================================================
[Sun 04/19/2026 11:58:33.99] OS_VER: Windows_NT (ver: 2)

Microsoft Windows [Version 10.0.19045.5965]
PSVersion=5.1.19041.5965
Is64BitOS=True
Is64BitProc=True
OSVersion=Microsoft Windows NT 10.0.19045.0
[Sun 04/19/2026 11:58:34.43] ERROR: WL10Middleware.exe not found in: C:\Users\admin\Documents\GitHub\SHABv2\App\win-x86
[Sun 04/19/2026 14:05:58.52] ============================================================
[Sun 04/19/2026 14:05:58.53] SHAB Attendance System - Start Dashboard
[Sun 04/19/2026 14:05:58.55] Version: 2026-04-16
[Sun 04/19/2026 14:05:58.56] Root: C:\Users\admin\Documents\GitHub\SHABv2\
[Sun 04/19/2026 14:05:58.58] AppDir: C:\Users\admin\Documents\GitHub\SHABv2\App\win-x86
[Sun 04/19/2026 14:05:58.59] User: admin
[Sun 04/19/2026 14:05:59.03] Dashboard reachable. Opening browser: http://127.0.0.1:5099/login
[Sun 04/19/2026 14:06:00.71] Done.
[Sun 04/19/2026 14:06:00.72] RunMode: console
[Sun 04/19/2026 14:06:00.73] ============================================================
[Sun 04/19/2026 14:06:00.75] OS_VER: Windows_NT (ver: 2)

Microsoft Windows [Version 10.0.19045.5965]
PSVersion=5.1.19041.5965
Is64BitOS=True
Is64BitProc=True
OSVersion=Microsoft Windows NT 10.0.19045.0
[Sun 04/19/2026 14:06:01.25] ERROR: WL10Middleware.exe not found in: C:\Users\admin\Documents\GitHub\SHABv2\App\win-x86
